Virtual User Script started at: 10.09.2022 10:57:33
Starting action vuser_init.
Web Turbo Replay of LoadRunner 2021.0.0 for Windows 10; build 430 (янв 05 2021 19:27:22)  	[MsgId: MMSG-26983]
Run mode: HTML  	[MsgId: MMSG-26993]
Replay user agent: Mozilla/5.0 (Windows NT 10.0; Win64; x64) AppleWebKit/537.36 (KHTML, like Gecko) Chrome/105.0.0.0 Safari/537.36  	[MsgId: MMSG-26988]
Runtime Settings file: "C:\Users\AZ\Desktop\NT\Скрипты\04_NewUsr\\default.cfg"  	[MsgId: MMSG-27141]
Ending action vuser_init.
Running Vuser...
Starting iteration 1.
Maximum number of concurrent connections per server: 6  	[MsgId: MMSG-26989]
Starting action Action.
Action.c(17): Notify: Transaction "04_NewUsr" started.
Action.c(19): Notify: Transaction "open_home_page" started.
Action.c(21): web_set_sockets_option started  	[MsgId: MMSG-26355]
Action.c(21): web_set_sockets_option was successful  	[MsgId: MMSG-26392]
Action.c(23): web_add_auto_header("Sec-Fetch-Dest") started  	[MsgId: MMSG-26355]
Action.c(23): web_add_auto_header("Sec-Fetch-Dest") was successful  	[MsgId: MMSG-26392]
Action.c(26): web_add_auto_header("Sec-Fetch-Mode") started  	[MsgId: MMSG-26355]
Action.c(26): web_add_auto_header("Sec-Fetch-Mode") was successful  	[MsgId: MMSG-26392]
Action.c(29): web_add_auto_header("Sec-Fetch-Site") started  	[MsgId: MMSG-26355]
Action.c(29): web_add_auto_header("Sec-Fetch-Site") was successful  	[MsgId: MMSG-26392]
Action.c(32): web_add_auto_header("Upgrade-Insecure-Requests") started  	[MsgId: MMSG-26355]
Action.c(32): web_add_auto_header("Upgrade-Insecure-Requests") was successful  	[MsgId: MMSG-26392]
Action.c(35): web_add_auto_header("sec-ch-ua") started  	[MsgId: MMSG-26355]
Action.c(35): web_add_auto_header("sec-ch-ua") was successful  	[MsgId: MMSG-26392]
Action.c(38): web_add_auto_header("sec-ch-ua-mobile") started  	[MsgId: MMSG-26355]
Action.c(38): web_add_auto_header("sec-ch-ua-mobile") was successful  	[MsgId: MMSG-26392]
Action.c(41): web_add_auto_header("sec-ch-ua-platform") started  	[MsgId: MMSG-26355]
Action.c(41): web_add_auto_header("sec-ch-ua-platform") was successful  	[MsgId: MMSG-26392]
Action.c(44): web_reg_find started  	[MsgId: MMSG-26355]
Action.c(44): Registering web_reg_find was successful  	[MsgId: MMSG-26390]
Action.c(48): web_url("welcome.pl") started  	[MsgId: MMSG-26355]
Action.c(48): Detected non-resource "http://localhost:1080/cgi-bin/nav.pl?in=home" in "http://localhost:1080/cgi-bin/welcome.pl?signOff=true"  	[MsgId: MMSG-26574]
Action.c(48): Detected non-resource "http://localhost:1080/WebTours/home.html" in "http://localhost:1080/cgi-bin/welcome.pl?signOff=true"  	[MsgId: MMSG-26574]
Action.c(48): Found resource "http://localhost:1080/WebTours/images/mer_login.gif" in HTML "http://localhost:1080/cgi-bin/nav.pl?in=home"  	[MsgId: MMSG-26659]
Action.c(48): Registered web_reg_find successful for "Text=A Session ID has been created and loaded into a cookie called MSO" (count=1)  	[MsgId: MMSG-26364]
Action.c(48): web_url("welcome.pl") was successful, 4215 body bytes, 1182 header bytes, 24 chunking overhead bytes  	[MsgId: MMSG-26385]
Action.c(58): Notify: Transaction "open_home_page" ended with a "Pass" status (Duration: 0.5740 Wasted Time: 0.1835).
Action.c(60): Notify: Transaction "click_sign_up_now" started.
Action.c(62): web_add_auto_header("Sec-Fetch-User") started  	[MsgId: MMSG-26355]
Action.c(62): web_add_auto_header("Sec-Fetch-User") was successful  	[MsgId: MMSG-26392]
Action.c(65): lr_think_time: 5.00 seconds.
Action.c(67): web_reg_find started  	[MsgId: MMSG-26355]
Action.c(67): Registering web_reg_find was successful  	[MsgId: MMSG-26390]
Action.c(71): web_url("login.pl") started  	[MsgId: MMSG-26355]
Action.c(71): Found resource "http://localhost:1080/WebTours/profileValidate.js" in HTML "http://localhost:1080/cgi-bin/login.pl?username=&password=&getInfo=true"  	[MsgId: MMSG-26659]
Action.c(71): Found resource "http://localhost:1080/WebTours/images/button_next.gif" in HTML "http://localhost:1080/cgi-bin/login.pl?username=&password=&getInfo=true"  	[MsgId: MMSG-26659]
Action.c(71): Registered web_reg_find successful for "Text=Customer Profile" (count=1)  	[MsgId: MMSG-26364]
Action.c(71): web_url("login.pl") was successful, 14475 body bytes, 843 header bytes, 12 chunking overhead bytes  	[MsgId: MMSG-26385]
Action.c(81): Notify: Transaction "click_sign_up_now" ended with a "Pass" status (Duration: 5.3245 Think Time: 5.0122 Wasted Time: 0.0160).
Action.c(83): Notify: Transaction "data_usr" started.
Action.c(85): web_add_header("Origin") started  	[MsgId: MMSG-26355]
Action.c(85): web_add_header("Origin") was successful  	[MsgId: MMSG-26392]
Action.c(88): lr_think_time: 5.00 seconds.
Action.c(90): web_reg_find started  	[MsgId: MMSG-26355]
Action.c(90): Registering web_reg_find was successful  	[MsgId: MMSG-26390]
Action.c(94): web_submit_data("login.pl_2") started  	[MsgId: MMSG-26355]
Action.c(94): Resource "http://localhost:1080/WebTours/images/button_next.gif" is in the cache already and will not be downloaded again  	[MsgId: MMSG-26655]
Action.c(94): Registered web_reg_find successful for "Text=Thank you, <b>ywny</b>" (count=1)  	[MsgId: MMSG-26364]
Action.c(94): web_submit_data("login.pl_2") was successful, 1077 body bytes, 361 header bytes, 12 chunking overhead bytes  	[MsgId: MMSG-26385]
Action.c(114): Notify: Transaction "data_usr" ended with a "Pass" status (Duration: 5,1712 Think Time: 4,9993 Wasted Time: 0,0081).
Action.c(116): Notify: Transaction "welcome_new_usr" started.
Action.c(118): web_remove_auto_header("Sec-Fetch-User") started  	[MsgId: MMSG-26355]
Action.c(118): Previous automatically added web header for "Sec-Fetch-User" removed  	[MsgId: MMSG-26587]
Action.c(118): web_remove/revert_auto_header("Sec-Fetch-User") was successful  	[MsgId: MMSG-26392]
Action.c(120): web_add_auto_header("Sec-Fetch-User") started  	[MsgId: MMSG-26355]
Action.c(120): web_add_auto_header("Sec-Fetch-User") was successful  	[MsgId: MMSG-26392]
Action.c(123): lr_think_time: 5.00 seconds.
Action.c(125): web_reg_find started  	[MsgId: MMSG-26355]
Action.c(125): Registering web_reg_find was successful  	[MsgId: MMSG-26390]
Action.c(129): web_url("button_next.gif") started  	[MsgId: MMSG-26355]
Action.c(129): Detected non-resource "http://localhost:1080/cgi-bin/nav.pl?page=menu&in=home" in "http://localhost:1080/cgi-bin/welcome.pl?page=menus"  	[MsgId: MMSG-26574]
Action.c(129): Detected non-resource "http://localhost:1080/cgi-bin/login.pl?intro=true" in "http://localhost:1080/cgi-bin/welcome.pl?page=menus"  	[MsgId: MMSG-26574]
Action.c(129): Found resource "http://localhost:1080/WebTours/images/flights.gif" in HTML "http://localhost:1080/cgi-bin/nav.pl?page=menu&in=home"  	[MsgId: MMSG-26659]
Action.c(129): Found resource "http://localhost:1080/WebTours/images/itinerary.gif" in HTML "http://localhost:1080/cgi-bin/nav.pl?page=menu&in=home"  	[MsgId: MMSG-26659]
Action.c(129): Found resource "http://localhost:1080/WebTours/images/in_home.gif" in HTML "http://localhost:1080/cgi-bin/nav.pl?page=menu&in=home"  	[MsgId: MMSG-26659]
Action.c(129): Found resource "http://localhost:1080/WebTours/images/signoff.gif" in HTML "http://localhost:1080/cgi-bin/nav.pl?page=menu&in=home"  	[MsgId: MMSG-26659]
Action.c(129): Registered web_reg_find successful for "Text=Welcome, <b>ywny</b>" (count=1)  	[MsgId: MMSG-26364]
Action.c(129): web_url("button_next.gif") was successful, 5894 body bytes, 1896 header bytes, 36 chunking overhead bytes  	[MsgId: MMSG-26385]
Action.c(139): Notify: Transaction "welcome_new_usr" ended with a "Pass" status (Duration: 5.3589 Think Time: 5.0150 Wasted Time: 0.0123).
Action.c(141): Notify: Transaction "click_flights" started.
Action.c(143): web_remove_auto_header("Sec-Fetch-User") started  	[MsgId: MMSG-26355]
Action.c(143): Previous automatically added web header for "Sec-Fetch-User" removed  	[MsgId: MMSG-26587]
Action.c(143): web_remove/revert_auto_header("Sec-Fetch-User") was successful  	[MsgId: MMSG-26392]
Action.c(145): lr_think_time: 5.00 seconds.
Action.c(147): web_reg_find started  	[MsgId: MMSG-26355]
Action.c(147): Registering web_reg_find was successful  	[MsgId: MMSG-26390]
Action.c(151): web_url("Search Flights Button") started  	[MsgId: MMSG-26355]
Action.c(151): Detected non-resource "http://localhost:1080/cgi-bin/nav.pl?page=menu&in=flights" in "http://localhost:1080/cgi-bin/welcome.pl?page=search"  	[MsgId: MMSG-26574]
Action.c(151): Detected non-resource "http://localhost:1080/cgi-bin/reservations.pl?page=welcome" in "http://localhost:1080/cgi-bin/welcome.pl?page=search"  	[MsgId: MMSG-26574]
Action.c(151): Found resource "http://localhost:1080/WebTours/images/in_flights.gif" in HTML "http://localhost:1080/cgi-bin/nav.pl?page=menu&in=flights"  	[MsgId: MMSG-26659]
Action.c(151): Resource "http://localhost:1080/WebTours/images/itinerary.gif" is in the cache already and will not be downloaded again  	[MsgId: MMSG-26655]
Action.c(151): Found resource "http://localhost:1080/WebTours/images/home.gif" in HTML "http://localhost:1080/cgi-bin/nav.pl?page=menu&in=flights"  	[MsgId: MMSG-26659]
Action.c(151): Resource "http://localhost:1080/WebTours/images/signoff.gif" is in the cache already and will not be downloaded again  	[MsgId: MMSG-26655]
Action.c(151): Resource "http://localhost:1080/WebTours/images/button_next.gif" is in the cache already and will not be downloaded again  	[MsgId: MMSG-26655]
Action.c(151): Registered web_reg_find successful for "Text=Departure Date Applet" (count=1)  	[MsgId: MMSG-26364]
Action.c(151): web_url("Search Flights Button") was successful, 7758 body bytes, 1325 header bytes, 43 chunking overhead bytes  	[MsgId: MMSG-26385]
Action.c(161): Notify: Transaction "click_flights" ended with a "Pass" status (Duration: 5.2650 Think Time: 5.0149 Wasted Time: 0.0126).
Action.c(163): Notify: Transaction "find_ticket" started.
Action.c(165): web_add_auto_header("Origin") started  	[MsgId: MMSG-26355]
Action.c(165): web_add_auto_header("Origin") was successful  	[MsgId: MMSG-26392]
Action.c(168): web_add_auto_header("Sec-Fetch-User") started  	[MsgId: MMSG-26355]
Action.c(168): web_add_auto_header("Sec-Fetch-User") was successful  	[MsgId: MMSG-26392]
Action.c(171): lr_think_time: 5.00 seconds.
Action.c(173): web_reg_save_param started  	[MsgId: MMSG-26355]
Action.c(173): Registering web_reg_save_param was successful  	[MsgId: MMSG-26390]
Action.c(178): web_reg_find started  	[MsgId: MMSG-26355]
Action.c(178): Registering web_reg_find was successful  	[MsgId: MMSG-26390]
Action.c(182): web_reg_find started  	[MsgId: MMSG-26355]
Action.c(182): Registering web_reg_find was successful  	[MsgId: MMSG-26390]
Action.c(185): web_submit_data("reservations.pl") started  	[MsgId: MMSG-26355]
Action.c(185): Resource "http://localhost:1080/WebTours/images/button_next.gif" is in the cache already and will not be downloaded again  	[MsgId: MMSG-26655]
Action.c(185): Registered web_reg_find successful for "Text=Find Flight" (count=1)  	[MsgId: MMSG-26364]
Action.c(185): Registered web_reg_find successful for "Text=Flight departing from <b>Denver</b> to <b>Portland</b> on <b>09/10/2022</b>" (count=1)  	[MsgId: MMSG-26364]
Action.c(185): web_submit_data("reservations.pl") was successful, 2442 body bytes, 256 header bytes, 12 chunking overhead bytes  	[MsgId: MMSG-26385]
Action.c(209): Notify: Transaction "find_ticket" ended with a "Pass" status (Duration: 5.2338 Think Time: 5.0149 Wasted Time: 0.0069).
Action.c(211): lr_think_time: 5.00 seconds.
Action.c(213): Notify: Transaction "choice_ticket" started.
Action.c(215): web_reg_find started  	[MsgId: MMSG-26355]
Action.c(215): Registering web_reg_find was successful  	[MsgId: MMSG-26390]
Action.c(219): web_submit_data("reservations.pl_2") started  	[MsgId: MMSG-26355]
Action.c(219): Resource "http://localhost:1080/WebTours/images/button_next.gif" is in the cache already and will not be downloaded again  	[MsgId: MMSG-26655]
Action.c(219): Registered web_reg_find successful for "Text=Payment Details" (count=1)  	[MsgId: MMSG-26364]
Action.c(219): web_submit_data("reservations.pl_2") was successful, 2701 body bytes, 256 header bytes, 12 chunking overhead bytes  	[MsgId: MMSG-26385]
Action.c(237): Notify: Transaction "choice_ticket" ended with a "Pass" status (Duration: 0.1559 Wasted Time: 0.0093).
Action.c(239): Notify: Transaction "logout" started.
Action.c(241): web_remove_auto_header("Sec-Fetch-User") started  	[MsgId: MMSG-26355]
Action.c(241): Previous automatically added web header for "Sec-Fetch-User" removed  	[MsgId: MMSG-26587]
Action.c(241): web_remove/revert_auto_header("Sec-Fetch-User") was successful  	[MsgId: MMSG-26392]
Action.c(243): web_reg_find started  	[MsgId: MMSG-26355]
Action.c(243): Registering web_reg_find was successful  	[MsgId: MMSG-26390]
Action.c(247): lr_think_time: 5.00 seconds.
Action.c(249): web_url("SignOff Button") started  	[MsgId: MMSG-26355]
Action.c(249): Detected non-resource "http://localhost:1080/cgi-bin/nav.pl?in=home" in "http://localhost:1080/cgi-bin/welcome.pl?signOff=1"  	[MsgId: MMSG-26574]
Action.c(249): Detected non-resource "http://localhost:1080/WebTours/home.html" in "http://localhost:1080/cgi-bin/welcome.pl?signOff=1"  	[MsgId: MMSG-26574]
Action.c(249): Retrieving data from cache for "http://localhost:1080/WebTours/home.html"  	[MsgId: MMSG-26558]
Action.c(249): Resource "http://localhost:1080/WebTours/images/mer_login.gif" is in the cache already and will not be downloaded again  	[MsgId: MMSG-26655]
Action.c(249): Registered web_reg_find successful for "Text=A Session ID has been created and loaded into a cookie called MSO" (count=1)  	[MsgId: MMSG-26364]
Action.c(249): web_url("SignOff Button") was successful, 2176 body bytes, 584 header bytes, 24 chunking overhead bytes  	[MsgId: MMSG-26385]
Action.c(259): Notify: Transaction "logout" ended with a "Pass" status (Duration: 5.2322 Think Time: 5.0135 Wasted Time: 0.0138).
Action.c(261): Notify: Transaction "04_NewUsr" ended with a "Pass" status (Duration: 37.4826 Think Time: 35.0751 Wasted Time: 0.2625).
Ending action Action.
Ending iteration 1.
Starting iteration 2.
Starting action Action.
Action.c(17): Notify: Transaction "04_NewUsr" started.
Action.c(19): Notify: Transaction "open_home_page" started.
Action.c(21): web_set_sockets_option started  	[MsgId: MMSG-26355]
Action.c(21): web_set_sockets_option was successful  	[MsgId: MMSG-26392]
Action.c(23): web_add_auto_header("Sec-Fetch-Dest") started  	[MsgId: MMSG-26355]
Action.c(23): web_add_auto_header("Sec-Fetch-Dest") was successful  	[MsgId: MMSG-26392]
Action.c(26): web_add_auto_header("Sec-Fetch-Mode") started  	[MsgId: MMSG-26355]
Action.c(26): web_add_auto_header("Sec-Fetch-Mode") was successful  	[MsgId: MMSG-26392]
Action.c(29): web_add_auto_header("Sec-Fetch-Site") started  	[MsgId: MMSG-26355]
Action.c(29): web_add_auto_header("Sec-Fetch-Site") was successful  	[MsgId: MMSG-26392]
Action.c(32): web_add_auto_header("Upgrade-Insecure-Requests") started  	[MsgId: MMSG-26355]
Action.c(32): web_add_auto_header("Upgrade-Insecure-Requests") was successful  	[MsgId: MMSG-26392]
Action.c(35): web_add_auto_header("sec-ch-ua") started  	[MsgId: MMSG-26355]
Action.c(35): web_add_auto_header("sec-ch-ua") was successful  	[MsgId: MMSG-26392]
Action.c(38): web_add_auto_header("sec-ch-ua-mobile") started  	[MsgId: MMSG-26355]
Action.c(38): web_add_auto_header("sec-ch-ua-mobile") was successful  	[MsgId: MMSG-26392]
Action.c(41): web_add_auto_header("sec-ch-ua-platform") started  	[MsgId: MMSG-26355]
Action.c(41): web_add_auto_header("sec-ch-ua-platform") was successful  	[MsgId: MMSG-26392]
Action.c(44): web_reg_find started  	[MsgId: MMSG-26355]
Action.c(44): Registering web_reg_find was successful  	[MsgId: MMSG-26390]
Action.c(48): web_url("welcome.pl") started  	[MsgId: MMSG-26355]
Action.c(48): Detected non-resource "http://localhost:1080/cgi-bin/nav.pl?in=home" in "http://localhost:1080/cgi-bin/welcome.pl?signOff=true"  	[MsgId: MMSG-26574]
Action.c(48): Detected non-resource "http://localhost:1080/WebTours/home.html" in "http://localhost:1080/cgi-bin/welcome.pl?signOff=true"  	[MsgId: MMSG-26574]
Action.c(48): Found resource "http://localhost:1080/WebTours/images/mer_login.gif" in HTML "http://localhost:1080/cgi-bin/nav.pl?in=home"  	[MsgId: MMSG-26659]
Action.c(48): Registered web_reg_find successful for "Text=A Session ID has been created and loaded into a cookie called MSO" (count=1)  	[MsgId: MMSG-26364]
Action.c(48): web_url("welcome.pl") was successful, 4216 body bytes, 1182 header bytes, 24 chunking overhead bytes  	[MsgId: MMSG-26385]
Action.c(58): Notify: Transaction "open_home_page" ended with a "Pass" status (Duration: 0,3275 Wasted Time: 0,0184).
Action.c(60): Notify: Transaction "click_sign_up_now" started.
Action.c(62): web_add_auto_header("Sec-Fetch-User") started  	[MsgId: MMSG-26355]
Action.c(62): web_add_auto_header("Sec-Fetch-User") was successful  	[MsgId: MMSG-26392]
Action.c(65): lr_think_time: 5,00 seconds.
Action.c(67): web_reg_find started  	[MsgId: MMSG-26355]
Action.c(67): Registering web_reg_find was successful  	[MsgId: MMSG-26390]
Action.c(71): web_url("login.pl") started  	[MsgId: MMSG-26355]
Action.c(71): Found resource "http://localhost:1080/WebTours/profileValidate.js" in HTML "http://localhost:1080/cgi-bin/login.pl?username=&password=&getInfo=true"  	[MsgId: MMSG-26659]
Action.c(71): Found resource "http://localhost:1080/WebTours/images/button_next.gif" in HTML "http://localhost:1080/cgi-bin/login.pl?username=&password=&getInfo=true"  	[MsgId: MMSG-26659]
Action.c(71): Registered web_reg_find successful for "Text=Customer Profile" (count=1)  	[MsgId: MMSG-26364]
Action.c(71): web_url("login.pl") was successful, 14475 body bytes, 843 header bytes, 12 chunking overhead bytes  	[MsgId: MMSG-26385]
Action.c(81): Notify: Transaction "click_sign_up_now" ended with a "Pass" status (Duration: 5,1850 Think Time: 5,0131 Wasted Time: 0,0144).
Action.c(83): Notify: Transaction "data_usr" started.
Action.c(85): web_add_header("Origin") started  	[MsgId: MMSG-26355]
Action.c(85): web_add_header("Origin") was successful  	[MsgId: MMSG-26392]
Action.c(88): lr_think_time: 5,00 seconds.
Action.c(90): web_reg_find started  	[MsgId: MMSG-26355]
Action.c(90): Registering web_reg_find was successful  	[MsgId: MMSG-26390]
Action.c(94): web_submit_data("login.pl_2") started  	[MsgId: MMSG-26355]
Action.c(94): Resource "http://localhost:1080/WebTours/images/button_next.gif" is in the cache already and will not be downloaded again  	[MsgId: MMSG-26655]
Action.c(94): Registered web_reg_find successful for "Text=Thank you, <b>arqd</b>" (count=1)  	[MsgId: MMSG-26364]
Action.c(94): web_submit_data("login.pl_2") was successful, 1077 body bytes, 361 header bytes, 12 chunking overhead bytes  	[MsgId: MMSG-26385]
Action.c(114): Notify: Transaction "data_usr" ended with a "Pass" status (Duration: 5.1869 Think Time: 5.0149 Wasted Time: 0.0156).
Action.c(116): Notify: Transaction "welcome_new_usr" started.
Action.c(118): web_remove_auto_header("Sec-Fetch-User") started  	[MsgId: MMSG-26355]
Action.c(118): Previous automatically added web header for "Sec-Fetch-User" removed  	[MsgId: MMSG-26587]
Action.c(118): web_remove/revert_auto_header("Sec-Fetch-User") was successful  	[MsgId: MMSG-26392]
Action.c(120): web_add_auto_header("Sec-Fetch-User") started  	[MsgId: MMSG-26355]
Action.c(120): web_add_auto_header("Sec-Fetch-User") was successful  	[MsgId: MMSG-26392]
Action.c(123): lr_think_time: 5.00 seconds.
Action.c(125): web_reg_find started  	[MsgId: MMSG-26355]
Action.c(125): Registering web_reg_find was successful  	[MsgId: MMSG-26390]
Action.c(129): web_url("button_next.gif") started  	[MsgId: MMSG-26355]
Action.c(129): Detected non-resource "http://localhost:1080/cgi-bin/nav.pl?page=menu&in=home" in "http://localhost:1080/cgi-bin/welcome.pl?page=menus"  	[MsgId: MMSG-26574]
Action.c(129): Detected non-resource "http://localhost:1080/cgi-bin/login.pl?intro=true" in "http://localhost:1080/cgi-bin/welcome.pl?page=menus"  	[MsgId: MMSG-26574]
Action.c(129): Found resource "http://localhost:1080/WebTours/images/flights.gif" in HTML "http://localhost:1080/cgi-bin/nav.pl?page=menu&in=home"  	[MsgId: MMSG-26659]
Action.c(129): Found resource "http://localhost:1080/WebTours/images/itinerary.gif" in HTML "http://localhost:1080/cgi-bin/nav.pl?page=menu&in=home"  	[MsgId: MMSG-26659]
Action.c(129): Found resource "http://localhost:1080/WebTours/images/in_home.gif" in HTML "http://localhost:1080/cgi-bin/nav.pl?page=menu&in=home"  	[MsgId: MMSG-26659]
Action.c(129): Found resource "http://localhost:1080/WebTours/images/signoff.gif" in HTML "http://localhost:1080/cgi-bin/nav.pl?page=menu&in=home"  	[MsgId: MMSG-26659]
Action.c(129): Registered web_reg_find successful for "Text=Welcome, <b>arqd</b>" (count=1)  	[MsgId: MMSG-26364]
Action.c(129): web_url("button_next.gif") was successful, 5894 body bytes, 1897 header bytes, 36 chunking overhead bytes  	[MsgId: MMSG-26385]
Action.c(139): Notify: Transaction "welcome_new_usr" ended with a "Pass" status (Duration: 5.2965 Think Time: 5.0150 Wasted Time: 0.0255).
Action.c(141): Notify: Transaction "click_flights" started.
Action.c(143): web_remove_auto_header("Sec-Fetch-User") started  	[MsgId: MMSG-26355]
Action.c(143): Previous automatically added web header for "Sec-Fetch-User" removed  	[MsgId: MMSG-26587]
Action.c(143): web_remove/revert_auto_header("Sec-Fetch-User") was successful  	[MsgId: MMSG-26392]
Action.c(145): lr_think_time: 5.00 seconds.
Action.c(147): web_reg_find started  	[MsgId: MMSG-26355]
Action.c(147): Registering web_reg_find was successful  	[MsgId: MMSG-26390]
Action.c(151): web_url("Search Flights Button") started  	[MsgId: MMSG-26355]
Action.c(151): Detected non-resource "http://localhost:1080/cgi-bin/nav.pl?page=menu&in=flights" in "http://localhost:1080/cgi-bin/welcome.pl?page=search"  	[MsgId: MMSG-26574]
Action.c(151): Detected non-resource "http://localhost:1080/cgi-bin/reservations.pl?page=welcome" in "http://localhost:1080/cgi-bin/welcome.pl?page=search"  	[MsgId: MMSG-26574]
Action.c(151): Found resource "http://localhost:1080/WebTours/images/in_flights.gif" in HTML "http://localhost:1080/cgi-bin/nav.pl?page=menu&in=flights"  	[MsgId: MMSG-26659]
Action.c(151): Resource "http://localhost:1080/WebTours/images/itinerary.gif" is in the cache already and will not be downloaded again  	[MsgId: MMSG-26655]
Action.c(151): Found resource "http://localhost:1080/WebTours/images/home.gif" in HTML "http://localhost:1080/cgi-bin/nav.pl?page=menu&in=flights"  	[MsgId: MMSG-26659]
Action.c(151): Resource "http://localhost:1080/WebTours/images/signoff.gif" is in the cache already and will not be downloaded again  	[MsgId: MMSG-26655]
Action.c(151): Resource "http://localhost:1080/WebTours/images/button_next.gif" is in the cache already and will not be downloaded again  	[MsgId: MMSG-26655]
Action.c(151): Registered web_reg_find successful for "Text=Departure Date Applet" (count=1)  	[MsgId: MMSG-26364]
Action.c(151): web_url("Search Flights Button") was successful, 7758 body bytes, 1325 header bytes, 43 chunking overhead bytes  	[MsgId: MMSG-26385]
Action.c(161): Notify: Transaction "click_flights" ended with a "Pass" status (Duration: 5,2805 Think Time: 5,0149 Wasted Time: 0,0206).
Action.c(163): Notify: Transaction "find_ticket" started.
Action.c(165): web_add_auto_header("Origin") started  	[MsgId: MMSG-26355]
Action.c(165): web_add_auto_header("Origin") was successful  	[MsgId: MMSG-26392]
Action.c(168): web_add_auto_header("Sec-Fetch-User") started  	[MsgId: MMSG-26355]
Action.c(168): web_add_auto_header("Sec-Fetch-User") was successful  	[MsgId: MMSG-26392]
Action.c(171): lr_think_time: 5,00 seconds.
Action.c(173): web_reg_save_param started  	[MsgId: MMSG-26355]
Action.c(173): Registering web_reg_save_param was successful  	[MsgId: MMSG-26390]
Action.c(178): web_reg_find started  	[MsgId: MMSG-26355]
Action.c(178): Registering web_reg_find was successful  	[MsgId: MMSG-26390]
Action.c(182): web_reg_find started  	[MsgId: MMSG-26355]
Action.c(182): Registering web_reg_find was successful  	[MsgId: MMSG-26390]
Action.c(185): web_submit_data("reservations.pl") started  	[MsgId: MMSG-26355]
Action.c(185): Resource "http://localhost:1080/WebTours/images/button_next.gif" is in the cache already and will not be downloaded again  	[MsgId: MMSG-26655]
Action.c(185): Registered web_reg_find successful for "Text=Find Flight" (count=1)  	[MsgId: MMSG-26364]
Action.c(185): Registered web_reg_find successful for "Text=Flight departing from <b>Frankfurt</b> to <b>San Francisco</b> on <b>09/10/2022</b>" (count=1)  	[MsgId: MMSG-26364]
Action.c(185): web_submit_data("reservations.pl") was successful, 2459 body bytes, 256 header bytes, 12 chunking overhead bytes  	[MsgId: MMSG-26385]
Action.c(209): Notify: Transaction "find_ticket" ended with a "Pass" status (Duration: 5.2498 Think Time: 5.0151 Wasted Time: 0.0172).
Action.c(211): lr_think_time: 5.00 seconds.
Action.c(213): Notify: Transaction "choice_ticket" started.
Action.c(215): web_reg_find started  	[MsgId: MMSG-26355]
Action.c(215): Registering web_reg_find was successful  	[MsgId: MMSG-26390]
Action.c(219): web_submit_data("reservations.pl_2") started  	[MsgId: MMSG-26355]
Action.c(219): Resource "http://localhost:1080/WebTours/images/button_next.gif" is in the cache already and will not be downloaded again  	[MsgId: MMSG-26655]
Action.c(219): Registered web_reg_find successful for "Text=Payment Details" (count=1)  	[MsgId: MMSG-26364]
Action.c(219): web_submit_data("reservations.pl_2") was successful, 2702 body bytes, 256 header bytes, 12 chunking overhead bytes  	[MsgId: MMSG-26385]
Action.c(237): Notify: Transaction "choice_ticket" ended with a "Pass" status (Duration: 0,1404 Wasted Time: 0,0116).
Action.c(239): Notify: Transaction "logout" started.
Action.c(241): web_remove_auto_header("Sec-Fetch-User") started  	[MsgId: MMSG-26355]
Action.c(241): Previous automatically added web header for "Sec-Fetch-User" removed  	[MsgId: MMSG-26587]
Action.c(241): web_remove/revert_auto_header("Sec-Fetch-User") was successful  	[MsgId: MMSG-26392]
Action.c(243): web_reg_find started  	[MsgId: MMSG-26355]
Action.c(243): Registering web_reg_find was successful  	[MsgId: MMSG-26390]
Action.c(247): lr_think_time: 5,00 seconds.
Action.c(249): web_url("SignOff Button") started  	[MsgId: MMSG-26355]
Action.c(249): Detected non-resource "http://localhost:1080/cgi-bin/nav.pl?in=home" in "http://localhost:1080/cgi-bin/welcome.pl?signOff=1"  	[MsgId: MMSG-26574]
Action.c(249): Detected non-resource "http://localhost:1080/WebTours/home.html" in "http://localhost:1080/cgi-bin/welcome.pl?signOff=1"  	[MsgId: MMSG-26574]
Action.c(249): Retrieving data from cache for "http://localhost:1080/WebTours/home.html"  	[MsgId: MMSG-26558]
Action.c(249): Resource "http://localhost:1080/WebTours/images/mer_login.gif" is in the cache already and will not be downloaded again  	[MsgId: MMSG-26655]
Action.c(249): Registered web_reg_find successful for "Text=A Session ID has been created and loaded into a cookie called MSO" (count=1)  	[MsgId: MMSG-26364]
Action.c(249): web_url("SignOff Button") was successful, 2167 body bytes, 584 header bytes, 24 chunking overhead bytes  	[MsgId: MMSG-26385]
Action.c(259): Notify: Transaction "logout" ended with a "Pass" status (Duration: 5.2337 Think Time: 5.0150 Wasted Time: 0.0158).
Action.c(261): Notify: Transaction "04_NewUsr" ended with a "Pass" status (Duration: 37.0734 Think Time: 35.1032 Wasted Time: 0.1391).
Ending action Action.
Ending iteration 2.
Starting iteration 3.
Starting action Action.
Action.c(17): Notify: Transaction "04_NewUsr" started.
Action.c(19): Notify: Transaction "open_home_page" started.
Action.c(21): web_set_sockets_option started  	[MsgId: MMSG-26355]
Action.c(21): web_set_sockets_option was successful  	[MsgId: MMSG-26392]
Action.c(23): web_add_auto_header("Sec-Fetch-Dest") started  	[MsgId: MMSG-26355]
Action.c(23): web_add_auto_header("Sec-Fetch-Dest") was successful  	[MsgId: MMSG-26392]
Action.c(26): web_add_auto_header("Sec-Fetch-Mode") started  	[MsgId: MMSG-26355]
Action.c(26): web_add_auto_header("Sec-Fetch-Mode") was successful  	[MsgId: MMSG-26392]
Action.c(29): web_add_auto_header("Sec-Fetch-Site") started  	[MsgId: MMSG-26355]
Action.c(29): web_add_auto_header("Sec-Fetch-Site") was successful  	[MsgId: MMSG-26392]
Action.c(32): web_add_auto_header("Upgrade-Insecure-Requests") started  	[MsgId: MMSG-26355]
Action.c(32): web_add_auto_header("Upgrade-Insecure-Requests") was successful  	[MsgId: MMSG-26392]
Action.c(35): web_add_auto_header("sec-ch-ua") started  	[MsgId: MMSG-26355]
Action.c(35): web_add_auto_header("sec-ch-ua") was successful  	[MsgId: MMSG-26392]
Action.c(38): web_add_auto_header("sec-ch-ua-mobile") started  	[MsgId: MMSG-26355]
Action.c(38): web_add_auto_header("sec-ch-ua-mobile") was successful  	[MsgId: MMSG-26392]
Action.c(41): web_add_auto_header("sec-ch-ua-platform") started  	[MsgId: MMSG-26355]
Action.c(41): web_add_auto_header("sec-ch-ua-platform") was successful  	[MsgId: MMSG-26392]
Action.c(44): web_reg_find started  	[MsgId: MMSG-26355]
Action.c(44): Registering web_reg_find was successful  	[MsgId: MMSG-26390]
Action.c(48): web_url("welcome.pl") started  	[MsgId: MMSG-26355]
Action.c(48): Detected non-resource "http://localhost:1080/cgi-bin/nav.pl?in=home" in "http://localhost:1080/cgi-bin/welcome.pl?signOff=true"  	[MsgId: MMSG-26574]
Action.c(48): Detected non-resource "http://localhost:1080/WebTours/home.html" in "http://localhost:1080/cgi-bin/welcome.pl?signOff=true"  	[MsgId: MMSG-26574]
Action.c(48): Found resource "http://localhost:1080/WebTours/images/mer_login.gif" in HTML "http://localhost:1080/cgi-bin/nav.pl?in=home"  	[MsgId: MMSG-26659]
Action.c(48): Registered web_reg_find successful for "Text=A Session ID has been created and loaded into a cookie called MSO" (count=1)  	[MsgId: MMSG-26364]
Action.c(48): web_url("welcome.pl") was successful, 4216 body bytes, 1182 header bytes, 24 chunking overhead bytes  	[MsgId: MMSG-26385]
Action.c(58): Notify: Transaction "open_home_page" ended with a "Pass" status (Duration: 0.3743 Wasted Time: 0.0308).
Action.c(60): Notify: Transaction "click_sign_up_now" started.
Action.c(62): web_add_auto_header("Sec-Fetch-User") started  	[MsgId: MMSG-26355]
Action.c(62): web_add_auto_header("Sec-Fetch-User") was successful  	[MsgId: MMSG-26392]
Action.c(65): lr_think_time: 5.00 seconds.
Action.c(67): web_reg_find started  	[MsgId: MMSG-26355]
Action.c(67): Registering web_reg_find was successful  	[MsgId: MMSG-26390]
Action.c(71): web_url("login.pl") started  	[MsgId: MMSG-26355]
Action.c(71): Found resource "http://localhost:1080/WebTours/profileValidate.js" in HTML "http://localhost:1080/cgi-bin/login.pl?username=&password=&getInfo=true"  	[MsgId: MMSG-26659]
Action.c(71): Found resource "http://localhost:1080/WebTours/images/button_next.gif" in HTML "http://localhost:1080/cgi-bin/login.pl?username=&password=&getInfo=true"  	[MsgId: MMSG-26659]
Action.c(71): Registered web_reg_find successful for "Text=Customer Profile" (count=1)  	[MsgId: MMSG-26364]
Action.c(71): web_url("login.pl") was successful, 14475 body bytes, 843 header bytes, 12 chunking overhead bytes  	[MsgId: MMSG-26385]
Action.c(81): Notify: Transaction "click_sign_up_now" ended with a "Pass" status (Duration: 5,1869 Think Time: 5,0150 Wasted Time: 0,0263).
Action.c(83): Notify: Transaction "data_usr" started.
Action.c(85): web_add_header("Origin") started  	[MsgId: MMSG-26355]
Action.c(85): web_add_header("Origin") was successful  	[MsgId: MMSG-26392]
Action.c(88): lr_think_time: 5,00 seconds.
Action.c(90): web_reg_find started  	[MsgId: MMSG-26355]
Action.c(90): Registering web_reg_find was successful  	[MsgId: MMSG-26390]
Action.c(94): web_submit_data("login.pl_2") started  	[MsgId: MMSG-26355]
Action.c(94): Resource "http://localhost:1080/WebTours/images/button_next.gif" is in the cache already and will not be downloaded again  	[MsgId: MMSG-26655]
Action.c(94): Registered web_reg_find successful for "Text=Thank you, <b>kphy</b>" (count=1)  	[MsgId: MMSG-26364]
Action.c(94): web_submit_data("login.pl_2") was successful, 1077 body bytes, 362 header bytes, 12 chunking overhead bytes  	[MsgId: MMSG-26385]
Action.c(114): Notify: Transaction "data_usr" ended with a "Pass" status (Duration: 5,1867 Think Time: 5,0147 Wasted Time: 0,0195).
Action.c(116): Notify: Transaction "welcome_new_usr" started.
Action.c(118): web_remove_auto_header("Sec-Fetch-User") started  	[MsgId: MMSG-26355]
Action.c(118): Previous automatically added web header for "Sec-Fetch-User" removed  	[MsgId: MMSG-26587]
Action.c(118): web_remove/revert_auto_header("Sec-Fetch-User") was successful  	[MsgId: MMSG-26392]
Action.c(120): web_add_auto_header("Sec-Fetch-User") started  	[MsgId: MMSG-26355]
Action.c(120): web_add_auto_header("Sec-Fetch-User") was successful  	[MsgId: MMSG-26392]
Action.c(123): lr_think_time: 5,00 seconds.
Action.c(125): web_reg_find started  	[MsgId: MMSG-26355]
Action.c(125): Registering web_reg_find was successful  	[MsgId: MMSG-26390]
Action.c(129): web_url("button_next.gif") started  	[MsgId: MMSG-26355]
Action.c(129): Detected non-resource "http://localhost:1080/cgi-bin/nav.pl?page=menu&in=home" in "http://localhost:1080/cgi-bin/welcome.pl?page=menus"  	[MsgId: MMSG-26574]
Action.c(129): Detected non-resource "http://localhost:1080/cgi-bin/login.pl?intro=true" in "http://localhost:1080/cgi-bin/welcome.pl?page=menus"  	[MsgId: MMSG-26574]
Action.c(129): Found resource "http://localhost:1080/WebTours/images/flights.gif" in HTML "http://localhost:1080/cgi-bin/nav.pl?page=menu&in=home"  	[MsgId: MMSG-26659]
Action.c(129): Found resource "http://localhost:1080/WebTours/images/itinerary.gif" in HTML "http://localhost:1080/cgi-bin/nav.pl?page=menu&in=home"  	[MsgId: MMSG-26659]
Action.c(129): Found resource "http://localhost:1080/WebTours/images/in_home.gif" in HTML "http://localhost:1080/cgi-bin/nav.pl?page=menu&in=home"  	[MsgId: MMSG-26659]
Action.c(129): Found resource "http://localhost:1080/WebTours/images/signoff.gif" in HTML "http://localhost:1080/cgi-bin/nav.pl?page=menu&in=home"  	[MsgId: MMSG-26659]
Action.c(129): Registered web_reg_find successful for "Text=Welcome, <b>kphy</b>" (count=1)  	[MsgId: MMSG-26364]
Action.c(129): web_url("button_next.gif") was successful, 5894 body bytes, 1897 header bytes, 36 chunking overhead bytes  	[MsgId: MMSG-26385]
Action.c(139): Notify: Transaction "welcome_new_usr" ended with a "Pass" status (Duration: 5,3528 Think Time: 5,0089 Wasted Time: 0,0365).
Action.c(141): Notify: Transaction "click_flights" started.
Action.c(143): web_remove_auto_header("Sec-Fetch-User") started  	[MsgId: MMSG-26355]
Action.c(143): Previous automatically added web header for "Sec-Fetch-User" removed  	[MsgId: MMSG-26587]
Action.c(143): web_remove/revert_auto_header("Sec-Fetch-User") was successful  	[MsgId: MMSG-26392]
Action.c(145): lr_think_time: 5,00 seconds.
Action.c(147): web_reg_find started  	[MsgId: MMSG-26355]
Action.c(147): Registering web_reg_find was successful  	[MsgId: MMSG-26390]
Action.c(151): web_url("Search Flights Button") started  	[MsgId: MMSG-26355]
Action.c(151): Detected non-resource "http://localhost:1080/cgi-bin/nav.pl?page=menu&in=flights" in "http://localhost:1080/cgi-bin/welcome.pl?page=search"  	[MsgId: MMSG-26574]
Action.c(151): Detected non-resource "http://localhost:1080/cgi-bin/reservations.pl?page=welcome" in "http://localhost:1080/cgi-bin/welcome.pl?page=search"  	[MsgId: MMSG-26574]
Action.c(151): Found resource "http://localhost:1080/WebTours/images/in_flights.gif" in HTML "http://localhost:1080/cgi-bin/nav.pl?page=menu&in=flights"  	[MsgId: MMSG-26659]
Action.c(151): Resource "http://localhost:1080/WebTours/images/itinerary.gif" is in the cache already and will not be downloaded again  	[MsgId: MMSG-26655]
Action.c(151): Found resource "http://localhost:1080/WebTours/images/home.gif" in HTML "http://localhost:1080/cgi-bin/nav.pl?page=menu&in=flights"  	[MsgId: MMSG-26659]
Action.c(151): Resource "http://localhost:1080/WebTours/images/signoff.gif" is in the cache already and will not be downloaded again  	[MsgId: MMSG-26655]
Action.c(151): Resource "http://localhost:1080/WebTours/images/button_next.gif" is in the cache already and will not be downloaded again  	[MsgId: MMSG-26655]
Action.c(151): Registered web_reg_find successful for "Text=Departure Date Applet" (count=1)  	[MsgId: MMSG-26364]
Action.c(151): web_url("Search Flights Button") was successful, 7758 body bytes, 1325 header bytes, 43 chunking overhead bytes  	[MsgId: MMSG-26385]
Action.c(161): Notify: Transaction "click_flights" ended with a "Pass" status (Duration: 5.4361 Think Time: 5.0145 Wasted Time: 0.1942).
Action.c(163): Notify: Transaction "find_ticket" started.
Action.c(165): web_add_auto_header("Origin") started  	[MsgId: MMSG-26355]
Action.c(165): web_add_auto_header("Origin") was successful  	[MsgId: MMSG-26392]
Action.c(168): web_add_auto_header("Sec-Fetch-User") started  	[MsgId: MMSG-26355]
Action.c(168): web_add_auto_header("Sec-Fetch-User") was successful  	[MsgId: MMSG-26392]
Action.c(171): lr_think_time: 5.00 seconds.
Action.c(173): web_reg_save_param started  	[MsgId: MMSG-26355]
Action.c(173): Registering web_reg_save_param was successful  	[MsgId: MMSG-26390]
Action.c(178): web_reg_find started  	[MsgId: MMSG-26355]
Action.c(178): Registering web_reg_find was successful  	[MsgId: MMSG-26390]
Action.c(182): web_reg_find started  	[MsgId: MMSG-26355]
Action.c(182): Registering web_reg_find was successful  	[MsgId: MMSG-26390]
Action.c(185): web_submit_data("reservations.pl") started  	[MsgId: MMSG-26355]
Action.c(185): Resource "http://localhost:1080/WebTours/images/button_next.gif" is in the cache already and will not be downloaded again  	[MsgId: MMSG-26655]
Action.c(185): Registered web_reg_find successful for "Text=Find Flight" (count=1)  	[MsgId: MMSG-26364]
Action.c(185): Registered web_reg_find successful for "Text=Flight departing from <b>London</b> to <b>Seattle</b> on <b>09/10/2022</b>" (count=1)  	[MsgId: MMSG-26364]
Action.c(185): web_submit_data("reservations.pl") was successful, 2438 body bytes, 256 header bytes, 12 chunking overhead bytes  	[MsgId: MMSG-26385]
Action.c(209): Notify: Transaction "find_ticket" ended with a "Pass" status (Duration: 5.2182 Think Time: 4.9993 Wasted Time: 0.0201).
Action.c(211): lr_think_time: 5.00 seconds.
Action.c(213): Notify: Transaction "choice_ticket" started.
Action.c(215): web_reg_find started  	[MsgId: MMSG-26355]
Action.c(215): Registering web_reg_find was successful  	[MsgId: MMSG-26390]
Action.c(219): web_submit_data("reservations.pl_2") started  	[MsgId: MMSG-26355]
Action.c(219): Resource "http://localhost:1080/WebTours/images/button_next.gif" is in the cache already and will not be downloaded again  	[MsgId: MMSG-26655]
Action.c(219): Registered web_reg_find successful for "Text=Payment Details" (count=1)  	[MsgId: MMSG-26364]
Action.c(219): web_submit_data("reservations.pl_2") was successful, 2699 body bytes, 256 header bytes, 12 chunking overhead bytes  	[MsgId: MMSG-26385]
Action.c(237): Notify: Transaction "choice_ticket" ended with a "Pass" status (Duration: 0.1561 Wasted Time: 0.0175).
Action.c(239): Notify: Transaction "logout" started.
Action.c(241): web_remove_auto_header("Sec-Fetch-User") started  	[MsgId: MMSG-26355]
Action.c(241): Previous automatically added web header for "Sec-Fetch-User" removed  	[MsgId: MMSG-26587]
Action.c(241): web_remove/revert_auto_header("Sec-Fetch-User") was successful  	[MsgId: MMSG-26392]
Action.c(243): web_reg_find started  	[MsgId: MMSG-26355]
Action.c(243): Registering web_reg_find was successful  	[MsgId: MMSG-26390]
Action.c(247): lr_think_time: 5.00 seconds.
Action.c(249): web_url("SignOff Button") started  	[MsgId: MMSG-26355]
Action.c(249): Detected non-resource "http://localhost:1080/cgi-bin/nav.pl?in=home" in "http://localhost:1080/cgi-bin/welcome.pl?signOff=1"  	[MsgId: MMSG-26574]
Action.c(249): Detected non-resource "http://localhost:1080/WebTours/home.html" in "http://localhost:1080/cgi-bin/welcome.pl?signOff=1"  	[MsgId: MMSG-26574]
Action.c(249): Retrieving data from cache for "http://localhost:1080/WebTours/home.html"  	[MsgId: MMSG-26558]
Action.c(249): Resource "http://localhost:1080/WebTours/images/mer_login.gif" is in the cache already and will not be downloaded again  	[MsgId: MMSG-26655]
Action.c(249): Registered web_reg_find successful for "Text=A Session ID has been created and loaded into a cookie called MSO" (count=1)  	[MsgId: MMSG-26364]
Action.c(249): web_url("SignOff Button") was successful, 2175 body bytes, 584 header bytes, 24 chunking overhead bytes  	[MsgId: MMSG-26385]
Action.c(259): Notify: Transaction "logout" ended with a "Pass" status (Duration: 5.2338 Think Time: 4.9995 Wasted Time: 0.0195).
Action.c(261): Notify: Transaction "04_NewUsr" ended with a "Pass" status (Duration: 37.3027 Think Time: 35.0512 Wasted Time: 0.3645).
Ending action Action.
Ending iteration 3.
Ending Vuser...
Starting action vuser_end.
Ending action vuser_end.
Vuser Terminated.
