Virtual User Script started at: 06.09.2022 18:42:32
Starting action vuser_init.
Web Turbo Replay of LoadRunner 2021.0.0 for Windows 10; build 430 (янв 05 2021 19:27:22)  	[MsgId: MMSG-26983]
Run mode: HTML  	[MsgId: MMSG-26993]
Replay user agent: Mozilla/5.0 (Windows NT 10.0; Win64; x64) AppleWebKit/537.36 (KHTML, like Gecko) Chrome/104.0.0.0 Safari/537.36  	[MsgId: MMSG-26988]
Runtime Settings file: "C:\Users\AZ\Desktop\NT\Скрипты\05_DeleteBooking\\default.cfg"  	[MsgId: MMSG-27141]
Ending action vuser_init.
Running Vuser...
Starting iteration 1.
Maximum number of concurrent connections per server: 6  	[MsgId: MMSG-26989]
Starting action Action.
Action.c(8): Notify: Transaction "05_DeleteBooking" started.
Action.c(10): Notify: Transaction "open_home_page" started.
Action.c(12): web_set_sockets_option started  	[MsgId: MMSG-26355]
Action.c(12): web_set_sockets_option was successful  	[MsgId: MMSG-26392]
Action.c(14): web_add_auto_header("Sec-Fetch-Dest") started  	[MsgId: MMSG-26355]
Action.c(14): web_add_auto_header("Sec-Fetch-Dest") was successful  	[MsgId: MMSG-26392]
Action.c(17): web_add_auto_header("Sec-Fetch-Mode") started  	[MsgId: MMSG-26355]
Action.c(17): web_add_auto_header("Sec-Fetch-Mode") was successful  	[MsgId: MMSG-26392]
Action.c(20): web_add_auto_header("Sec-Fetch-Site") started  	[MsgId: MMSG-26355]
Action.c(20): web_add_auto_header("Sec-Fetch-Site") was successful  	[MsgId: MMSG-26392]
Action.c(23): web_add_auto_header("Upgrade-Insecure-Requests") started  	[MsgId: MMSG-26355]
Action.c(23): web_add_auto_header("Upgrade-Insecure-Requests") was successful  	[MsgId: MMSG-26392]
Action.c(26): web_add_auto_header("sec-ch-ua") started  	[MsgId: MMSG-26355]
Action.c(26): web_add_auto_header("sec-ch-ua") was successful  	[MsgId: MMSG-26392]
Action.c(29): web_add_auto_header("sec-ch-ua-mobile") started  	[MsgId: MMSG-26355]
Action.c(29): web_add_auto_header("sec-ch-ua-mobile") was successful  	[MsgId: MMSG-26392]
Action.c(32): web_add_auto_header("sec-ch-ua-platform") started  	[MsgId: MMSG-26355]
Action.c(32): web_add_auto_header("sec-ch-ua-platform") was successful  	[MsgId: MMSG-26392]
Action.c(35): web_reg_find started  	[MsgId: MMSG-26355]
Action.c(35): Registering web_reg_find was successful  	[MsgId: MMSG-26390]
Action.c(40): web_reg_save_param_attrib started  	[MsgId: MMSG-26355]
Action.c(40): Registering web_reg_save_param_attrib was successful  	[MsgId: MMSG-26390]
Action.c(51): web_url("welcome.pl") started  	[MsgId: MMSG-26355]
Action.c(51): Detected non-resource "http://localhost:1080/cgi-bin/nav.pl?in=home" in "http://localhost:1080/cgi-bin/welcome.pl?signOff=true"  	[MsgId: MMSG-26574]
Action.c(51): Detected non-resource "http://localhost:1080/WebTours/home.html" in "http://localhost:1080/cgi-bin/welcome.pl?signOff=true"  	[MsgId: MMSG-26574]
Action.c(51): Found resource "http://localhost:1080/WebTours/images/mer_login.gif" in HTML "http://localhost:1080/cgi-bin/nav.pl?in=home"  	[MsgId: MMSG-26659]
Action.c(51): Registered web_reg_find successful for "Text=A Session ID has been created and loaded into a cookie called MSO" (count=1)  	[MsgId: MMSG-26364]
Action.c(51): web_url("welcome.pl") was successful, 4212 body bytes, 1182 header bytes, 24 chunking overhead bytes  	[MsgId: MMSG-26385]
Action.c(61): Notify: Transaction "open_home_page" ended with a "Pass" status (Duration: 0,5247 Wasted Time: 0,1554).
Action.c(65): Notify: Transaction "login" started.
Action.c(67): web_add_header("Origin") started  	[MsgId: MMSG-26355]
Action.c(67): web_add_header("Origin") was successful  	[MsgId: MMSG-26392]
Action.c(70): web_add_auto_header("Sec-Fetch-User") started  	[MsgId: MMSG-26355]
Action.c(70): web_add_auto_header("Sec-Fetch-User") was successful  	[MsgId: MMSG-26392]
Action.c(73): web_reg_find started  	[MsgId: MMSG-26355]
Action.c(73): Registering web_reg_find was successful  	[MsgId: MMSG-26390]
Action.c(77): web_reg_find started  	[MsgId: MMSG-26355]
Action.c(77): Registering web_reg_find was successful  	[MsgId: MMSG-26390]
Action.c(81): web_submit_data("login.pl") started  	[MsgId: MMSG-26355]
Action.c(81): Detected non-resource "http://localhost:1080/cgi-bin/nav.pl?page=menu&in=home" in "http://localhost:1080/cgi-bin/login.pl"  	[MsgId: MMSG-26574]
Action.c(81): Detected non-resource "http://localhost:1080/cgi-bin/login.pl?intro=true" in "http://localhost:1080/cgi-bin/login.pl"  	[MsgId: MMSG-26574]
Action.c(81): Found resource "http://localhost:1080/WebTours/images/flights.gif" in HTML "http://localhost:1080/cgi-bin/nav.pl?page=menu&in=home"  	[MsgId: MMSG-26659]
Action.c(81): Found resource "http://localhost:1080/WebTours/images/itinerary.gif" in HTML "http://localhost:1080/cgi-bin/nav.pl?page=menu&in=home"  	[MsgId: MMSG-26659]
Action.c(81): Found resource "http://localhost:1080/WebTours/images/in_home.gif" in HTML "http://localhost:1080/cgi-bin/nav.pl?page=menu&in=home"  	[MsgId: MMSG-26659]
Action.c(81): Found resource "http://localhost:1080/WebTours/images/signoff.gif" in HTML "http://localhost:1080/cgi-bin/nav.pl?page=menu&in=home"  	[MsgId: MMSG-26659]
Action.c(81): Registered web_reg_find successful for "Text=User password was correct" (count=1)  	[MsgId: MMSG-26364]
Action.c(81): Registered web_reg_find successful for "Text=Welcome, <b>jojo</b>" (count=1)  	[MsgId: MMSG-26364]
Action.c(81): web_submit_data("login.pl") was successful, 5779 body bytes, 2037 header bytes, 36 chunking overhead bytes  	[MsgId: MMSG-26385]
Action.c(98): web_reg_save_param started  	[MsgId: MMSG-26355]
Action.c(98): Registering web_reg_save_param was successful  	[MsgId: MMSG-26390]
Action.c(103): Notify: Transaction "login" ended with a "Pass" status (Duration: 0,2750 Wasted Time: 0,0135).
Action.c(105): Notify: Transaction "click_Itinerary" started.
Action.c(107): web_remove_auto_header("Sec-Fetch-User") started  	[MsgId: MMSG-26355]
Action.c(107): Previous automatically added web header for "Sec-Fetch-User" removed  	[MsgId: MMSG-26587]
Action.c(107): web_remove/revert_auto_header("Sec-Fetch-User") was successful  	[MsgId: MMSG-26392]
Action.c(111): web_reg_find started  	[MsgId: MMSG-26355]
Action.c(111): Registering web_reg_find was successful  	[MsgId: MMSG-26390]
Action.c(118): web_reg_save_param_attrib started  	[MsgId: MMSG-26355]
Action.c(118): Registering web_reg_save_param_attrib was successful  	[MsgId: MMSG-26390]
Action.c(129): web_url("Itinerary Button") started  	[MsgId: MMSG-26355]
Action.c(129): Detected non-resource "http://localhost:1080/cgi-bin/nav.pl?page=menu&in=itinerary" in "http://localhost:1080/cgi-bin/welcome.pl?page=itinerary"  	[MsgId: MMSG-26574]
Action.c(129): Detected non-resource "http://localhost:1080/cgi-bin/itinerary.pl" in "http://localhost:1080/cgi-bin/welcome.pl?page=itinerary"  	[MsgId: MMSG-26574]
Action.c(129): Found resource "http://localhost:1080/WebTours/images/cancelreservation.gif" in HTML "http://localhost:1080/cgi-bin/itinerary.pl"  	[MsgId: MMSG-26659]
Action.c(129): Found resource "http://localhost:1080/WebTours/images/cancelallreservations.gif" in HTML "http://localhost:1080/cgi-bin/itinerary.pl"  	[MsgId: MMSG-26659]
Action.c(129): Resource "http://localhost:1080/WebTours/images/flights.gif" is in the cache already and will not be downloaded again  	[MsgId: MMSG-26655]
Action.c(129): Found resource "http://localhost:1080/WebTours/images/in_itinerary.gif" in HTML "http://localhost:1080/cgi-bin/nav.pl?page=menu&in=itinerary"  	[MsgId: MMSG-26659]
Action.c(129): Found resource "http://localhost:1080/WebTours/images/home.gif" in HTML "http://localhost:1080/cgi-bin/nav.pl?page=menu&in=itinerary"  	[MsgId: MMSG-26659]
Action.c(129): Resource "http://localhost:1080/WebTours/images/signoff.gif" is in the cache already and will not be downloaded again  	[MsgId: MMSG-26655]
Action.c(129): Registered web_reg_find successful for "Text=Itinerary" (count=3)  	[MsgId: MMSG-26364]
Action.c(129): web_url("Itinerary Button") was successful, 13298 body bytes, 1917 header bytes, 50 chunking overhead bytes  	[MsgId: MMSG-26385]
Action.c(139): web_websocket_close started  	[MsgId: MMSG-26355]
Action.c(139): Warning -35046: The WebSocket whose ID is "0" is not connected  	[MsgId: MWAR-35046]
Action.c(139): web_websocket_close highest severity level was "warning"  	[MsgId: MMSG-26391]
Action.c(143): web_reg_find started  	[MsgId: MMSG-26355]
Action.c(143): Registering web_reg_find was successful  	[MsgId: MMSG-26390]
Action.c(149): Notify: Transaction "click_Itinerary" ended with a "Pass" status (Duration: 0,3123 Wasted Time: 0,0131).
Action.c(151): web_websocket_close started  	[MsgId: MMSG-26355]
Action.c(151): Warning -35046: The WebSocket whose ID is "1" is not connected  	[MsgId: MWAR-35046]
Action.c(151): Warning -26379: Pending web_reg_save_param/web_reg_find/web_create_html_param/web_create_html_param_ex request(s) are deleted and will be handled as "not found"  	[MsgId: MWAR-26379]
Action.c(151): Registered web_reg_find successful for "Text=flightID"  	[MsgId: MMSG-26362]
Action.c(151): web_websocket_close highest severity level was "warning"  	[MsgId: MMSG-26391]
Action.c(155): Notify: Transaction "delete_booking" started.
Action.c(157): web_websocket_close started  	[MsgId: MMSG-26355]
Action.c(157): Warning -35046: The WebSocket whose ID is "2" is not connected  	[MsgId: MWAR-35046]
Action.c(157): web_websocket_close highest severity level was "warning"  	[MsgId: MMSG-26391]
Action.c(161): web_websocket_close started  	[MsgId: MMSG-26355]
Action.c(161): Warning -35046: The WebSocket whose ID is "3" is not connected  	[MsgId: MWAR-35046]
Action.c(161): web_websocket_close highest severity level was "warning"  	[MsgId: MMSG-26391]
Action.c(165): web_websocket_close started  	[MsgId: MMSG-26355]
Action.c(165): Warning -35046: The WebSocket whose ID is "4" is not connected  	[MsgId: MWAR-35046]
Action.c(165): web_websocket_close highest severity level was "warning"  	[MsgId: MMSG-26391]
Action.c(169): web_add_header("Origin") started  	[MsgId: MMSG-26355]
Action.c(169): web_add_header("Origin") was successful  	[MsgId: MMSG-26392]
Action.c(172): web_add_auto_header("Sec-Fetch-User") started  	[MsgId: MMSG-26355]
Action.c(172): web_add_auto_header("Sec-Fetch-User") was successful  	[MsgId: MMSG-26392]
Action.c(175): web_reg_find started  	[MsgId: MMSG-26355]
Action.c(175): Registering web_reg_find was successful  	[MsgId: MMSG-26390]
Action.c(179): web_submit_form("itinerary.pl") started  	[MsgId: MMSG-26355]
Action.c(179): Submitting form to "http://localhost:1080/cgi-bin/itinerary.pl", Target Frame=""  	[MsgId: MMSG-27978]
Action.c(179): Resource "http://localhost:1080/WebTours/images/cancelreservation.gif" is in the cache already and will not be downloaded again  	[MsgId: MMSG-26655]
Action.c(179): Resource "http://localhost:1080/WebTours/images/cancelallreservations.gif" is in the cache already and will not be downloaded again  	[MsgId: MMSG-26655]
Action.c(179): Registered web_reg_find successful for "Text=Itinerary" (count=1)  	[MsgId: MMSG-26364]
Action.c(179): web_submit_form("itinerary.pl") was successful, 7134 body bytes, 255 header bytes, 19 chunking overhead bytes  	[MsgId: MMSG-26385]
Action.c(187): Notify: Transaction "delete_booking" ended with a "Pass" status (Duration: 0,2029 Wasted Time: 0,0087).
Action.c(189): Notify: Transaction "logout" started.
Action.c(191): web_websocket_close started  	[MsgId: MMSG-26355]
Action.c(191): Warning -35046: The WebSocket whose ID is "5" is not connected  	[MsgId: MWAR-35046]
Action.c(191): web_websocket_close highest severity level was "warning"  	[MsgId: MMSG-26391]
Action.c(195): web_remove_auto_header("Sec-Fetch-User") started  	[MsgId: MMSG-26355]
Action.c(195): Previous automatically added web header for "Sec-Fetch-User" removed  	[MsgId: MMSG-26587]
Action.c(195): web_remove/revert_auto_header("Sec-Fetch-User") was successful  	[MsgId: MMSG-26392]
Action.c(199): web_reg_find started  	[MsgId: MMSG-26355]
Action.c(199): Registering web_reg_find was successful  	[MsgId: MMSG-26390]
Action.c(203): web_url("SignOff Button") started  	[MsgId: MMSG-26355]
Action.c(203): Detected non-resource "http://localhost:1080/cgi-bin/nav.pl?in=home" in "http://localhost:1080/cgi-bin/welcome.pl?signOff=1"  	[MsgId: MMSG-26574]
Action.c(203): Detected non-resource "http://localhost:1080/WebTours/home.html" in "http://localhost:1080/cgi-bin/welcome.pl?signOff=1"  	[MsgId: MMSG-26574]
Action.c(203): Retrieving data from cache for "http://localhost:1080/WebTours/home.html"  	[MsgId: MMSG-26558]
Action.c(203): Resource "http://localhost:1080/WebTours/images/mer_login.gif" is in the cache already and will not be downloaded again  	[MsgId: MMSG-26655]
Action.c(203): Registered web_reg_find successful for "Text=A Session ID has been created and loaded into a cookie called MSO" (count=1)  	[MsgId: MMSG-26364]
Action.c(203): web_url("SignOff Button") was successful, 2175 body bytes, 582 header bytes, 24 chunking overhead bytes  	[MsgId: MMSG-26385]
Action.c(213): web_websocket_close started  	[MsgId: MMSG-26355]
Action.c(213): Warning -35046: The WebSocket whose ID is "6" is not connected  	[MsgId: MWAR-35046]
Action.c(213): web_websocket_close highest severity level was "warning"  	[MsgId: MMSG-26391]
Action.c(217): web_websocket_send started  	[MsgId: MMSG-26355]
Action.c(217): Warning -35046: The WebSocket whose ID is "7" is not connected  	[MsgId: MWAR-35046]
Action.c(217): web_websocket_send highest severity level was "warning"  	[MsgId: MMSG-26391]
Action.c(224): Notify: Transaction "logout" ended with a "Pass" status (Duration: 0.2521 Wasted Time: 0.0090).
Action.c(226): Notify: Transaction "05_DeleteBooking" ended with a "Pass" status (Duration: 1.7016 Wasted Time: 0.1997).
Ending action Action.
Ending iteration 1.
Ending Vuser...
Starting action vuser_end.
Ending action vuser_end.
Vuser Terminated.
