Virtual User Script started at: 08.09.2022 11:04:39
Starting action vuser_init.
Web Turbo Replay of LoadRunner 2021.0.0 for Windows 10; build 430 (янв 05 2021 19:27:22)  	[MsgId: MMSG-26983]
Run mode: HTML  	[MsgId: MMSG-26993]
Replay user agent: Mozilla/5.0 (Windows NT 10.0; Win64; x64) AppleWebKit/537.36 (KHTML, like Gecko) Chrome/104.0.0.0 Safari/537.36  	[MsgId: MMSG-26988]
Runtime Settings file: "C:\Users\AZ\Desktop\NT\Скрипты\03_BuyTicket\\default.cfg"  	[MsgId: MMSG-27141]
Ending action vuser_init.
Running Vuser...
Starting iteration 1.
Maximum number of concurrent connections per server: 6  	[MsgId: MMSG-26989]
Starting action Action.
Action.c(6): Notify: Transaction "03_BuyTicket" started.
Action.c(8): Notify: Transaction "open_home_page" started.
Action.c(10): web_set_sockets_option started  	[MsgId: MMSG-26355]
Action.c(10): web_set_sockets_option was successful  	[MsgId: MMSG-26392]
Action.c(12): web_add_auto_header("Sec-Fetch-Dest") started  	[MsgId: MMSG-26355]
Action.c(12): web_add_auto_header("Sec-Fetch-Dest") was successful  	[MsgId: MMSG-26392]
Action.c(15): web_add_auto_header("Sec-Fetch-Mode") started  	[MsgId: MMSG-26355]
Action.c(15): web_add_auto_header("Sec-Fetch-Mode") was successful  	[MsgId: MMSG-26392]
Action.c(18): web_add_auto_header("Sec-Fetch-Site") started  	[MsgId: MMSG-26355]
Action.c(18): web_add_auto_header("Sec-Fetch-Site") was successful  	[MsgId: MMSG-26392]
Action.c(21): web_add_auto_header("Upgrade-Insecure-Requests") started  	[MsgId: MMSG-26355]
Action.c(21): web_add_auto_header("Upgrade-Insecure-Requests") was successful  	[MsgId: MMSG-26392]
Action.c(24): web_add_auto_header("sec-ch-ua") started  	[MsgId: MMSG-26355]
Action.c(24): web_add_auto_header("sec-ch-ua") was successful  	[MsgId: MMSG-26392]
Action.c(27): web_add_auto_header("sec-ch-ua-mobile") started  	[MsgId: MMSG-26355]
Action.c(27): web_add_auto_header("sec-ch-ua-mobile") was successful  	[MsgId: MMSG-26392]
Action.c(30): web_add_auto_header("sec-ch-ua-platform") started  	[MsgId: MMSG-26355]
Action.c(30): web_add_auto_header("sec-ch-ua-platform") was successful  	[MsgId: MMSG-26392]
Action.c(33): web_reg_find started  	[MsgId: MMSG-26355]
Action.c(33): Registering web_reg_find was successful  	[MsgId: MMSG-26390]
Action.c(38): web_reg_save_param_attrib started  	[MsgId: MMSG-26355]
Action.c(38): Registering web_reg_save_param_attrib was successful  	[MsgId: MMSG-26390]
Action.c(49): web_url("welcome.pl") started  	[MsgId: MMSG-26355]
Action.c(49): Detected non-resource "http://localhost:1080/cgi-bin/nav.pl?in=home" in "http://localhost:1080/cgi-bin/welcome.pl?signOff=true"  	[MsgId: MMSG-26574]
Action.c(49): Detected non-resource "http://localhost:1080/WebTours/home.html" in "http://localhost:1080/cgi-bin/welcome.pl?signOff=true"  	[MsgId: MMSG-26574]
Action.c(49): Found resource "http://localhost:1080/WebTours/images/mer_login.gif" in HTML "http://localhost:1080/cgi-bin/nav.pl?in=home"  	[MsgId: MMSG-26659]
Action.c(49): Registered web_reg_find successful for "Text=A Session ID has been created and loaded into a cookie called MSO" (count=1)  	[MsgId: MMSG-26364]
Action.c(49): web_url("welcome.pl") was successful, 4213 body bytes, 1182 header bytes, 24 chunking overhead bytes  	[MsgId: MMSG-26385]
Action.c(59): Notify: Transaction "open_home_page" ended with a "Pass" status (Duration: 0.9668 Wasted Time: 0.2594).
Action.c(63): Notify: Transaction "login" started.
Action.c(65): web_add_header("Origin") started  	[MsgId: MMSG-26355]
Action.c(65): web_add_header("Origin") was successful  	[MsgId: MMSG-26392]
Action.c(68): web_add_auto_header("Sec-Fetch-User") started  	[MsgId: MMSG-26355]
Action.c(68): web_add_auto_header("Sec-Fetch-User") was successful  	[MsgId: MMSG-26392]
Action.c(73): web_reg_find started  	[MsgId: MMSG-26355]
Action.c(73): Registering web_reg_find was successful  	[MsgId: MMSG-26390]
Action.c(77): web_reg_find started  	[MsgId: MMSG-26355]
Action.c(77): Registering web_reg_find was successful  	[MsgId: MMSG-26390]
Action.c(81): web_submit_data("login.pl") started  	[MsgId: MMSG-26355]
Action.c(81): Detected non-resource "http://localhost:1080/cgi-bin/nav.pl?page=menu&in=home" in "http://localhost:1080/cgi-bin/login.pl"  	[MsgId: MMSG-26574]
Action.c(81): Detected non-resource "http://localhost:1080/cgi-bin/login.pl?intro=true" in "http://localhost:1080/cgi-bin/login.pl"  	[MsgId: MMSG-26574]
Action.c(81): Found resource "http://localhost:1080/WebTours/images/flights.gif" in HTML "http://localhost:1080/cgi-bin/nav.pl?page=menu&in=home"  	[MsgId: MMSG-26659]
Action.c(81): Found resource "http://localhost:1080/WebTours/images/itinerary.gif" in HTML "http://localhost:1080/cgi-bin/nav.pl?page=menu&in=home"  	[MsgId: MMSG-26659]
Action.c(81): Found resource "http://localhost:1080/WebTours/images/in_home.gif" in HTML "http://localhost:1080/cgi-bin/nav.pl?page=menu&in=home"  	[MsgId: MMSG-26659]
Action.c(81): Found resource "http://localhost:1080/WebTours/images/signoff.gif" in HTML "http://localhost:1080/cgi-bin/nav.pl?page=menu&in=home"  	[MsgId: MMSG-26659]
Action.c(81): Registered web_reg_find successful for "Text=User password was correct" (count=1)  	[MsgId: MMSG-26364]
Action.c(81): Registered web_reg_find successful for "Text=Welcome, <b>Charley</b>" (count=1)  	[MsgId: MMSG-26364]
Action.c(81): web_submit_data("login.pl") was successful, 5782 body bytes, 2065 header bytes, 36 chunking overhead bytes  	[MsgId: MMSG-26385]
Action.c(98): Notify: Transaction "login" ended with a "Pass" status (Duration: 0.4840 Wasted Time: 0.0731).
Action.c(100): web_websocket_send started  	[MsgId: MMSG-26355]
Action.c(100): Warning -35046: The WebSocket whose ID is "0" is not connected  	[MsgId: MWAR-35046]
Action.c(100): web_websocket_send highest severity level was "warning"  	[MsgId: MMSG-26391]
Action.c(107): Notify: Transaction "click_flights" started.
Action.c(109): web_remove_auto_header("Sec-Fetch-User") started  	[MsgId: MMSG-26355]
Action.c(109): Previous automatically added web header for "Sec-Fetch-User" removed  	[MsgId: MMSG-26587]
Action.c(109): web_remove/revert_auto_header("Sec-Fetch-User") was successful  	[MsgId: MMSG-26392]
Action.c(113): web_reg_find started  	[MsgId: MMSG-26355]
Action.c(113): Registering web_reg_find was successful  	[MsgId: MMSG-26390]
Action.c(117): web_url("Search Flights Button") started  	[MsgId: MMSG-26355]
Action.c(117): Detected non-resource "http://localhost:1080/cgi-bin/nav.pl?page=menu&in=flights" in "http://localhost:1080/cgi-bin/welcome.pl?page=search"  	[MsgId: MMSG-26574]
Action.c(117): Detected non-resource "http://localhost:1080/cgi-bin/reservations.pl?page=welcome" in "http://localhost:1080/cgi-bin/welcome.pl?page=search"  	[MsgId: MMSG-26574]
Action.c(117): Found resource "http://localhost:1080/WebTours/images/in_flights.gif" in HTML "http://localhost:1080/cgi-bin/nav.pl?page=menu&in=flights"  	[MsgId: MMSG-26659]
Action.c(117): Resource "http://localhost:1080/WebTours/images/itinerary.gif" is in the cache already and will not be downloaded again  	[MsgId: MMSG-26655]
Action.c(117): Found resource "http://localhost:1080/WebTours/images/home.gif" in HTML "http://localhost:1080/cgi-bin/nav.pl?page=menu&in=flights"  	[MsgId: MMSG-26659]
Action.c(117): Resource "http://localhost:1080/WebTours/images/signoff.gif" is in the cache already and will not be downloaded again  	[MsgId: MMSG-26655]
Action.c(117): Found resource "http://localhost:1080/WebTours/images/button_next.gif" in HTML "http://localhost:1080/cgi-bin/reservations.pl?page=welcome"  	[MsgId: MMSG-26659]
Action.c(117): Registered web_reg_find successful for "Text=Departure Date Applet" (count=1)  	[MsgId: MMSG-26364]
Action.c(117): web_url("Search Flights Button") was successful, 8516 body bytes, 1619 header bytes, 43 chunking overhead bytes  	[MsgId: MMSG-26385]
Action.c(127): Notify: Transaction "click_flights" ended with a "Pass" status (Duration: 0.4995 Wasted Time: 0.0195).
Action.c(129): Notify: Transaction "find_ticket" started.
Action.c(131): web_add_auto_header("Origin") started  	[MsgId: MMSG-26355]
Action.c(131): web_add_auto_header("Origin") was successful  	[MsgId: MMSG-26392]
Action.c(134): web_add_auto_header("Sec-Fetch-User") started  	[MsgId: MMSG-26355]
Action.c(134): web_add_auto_header("Sec-Fetch-User") was successful  	[MsgId: MMSG-26392]
Action.c(139): web_reg_save_param started  	[MsgId: MMSG-26355]
Action.c(139): Registering web_reg_save_param was successful  	[MsgId: MMSG-26390]
Action.c(144): web_reg_find started  	[MsgId: MMSG-26355]
Action.c(144): Registering web_reg_find was successful  	[MsgId: MMSG-26390]
Action.c(148): web_reg_find started  	[MsgId: MMSG-26355]
Action.c(148): Registering web_reg_find was successful  	[MsgId: MMSG-26390]
Action.c(151): web_submit_data("reservations.pl") started  	[MsgId: MMSG-26355]
Action.c(151): Resource "http://localhost:1080/WebTours/images/button_next.gif" is in the cache already and will not be downloaded again  	[MsgId: MMSG-26655]
Action.c(151): Registered web_reg_find successful for "Text=Find Flight" (count=1)  	[MsgId: MMSG-26364]
Action.c(151): Registered web_reg_find successful for "Text=Flight departing from <b>Denver</b> to <b>Portland</b> on <b>09/08/2022</b>" (count=1)  	[MsgId: MMSG-26364]
Action.c(151): web_submit_data("reservations.pl") was successful, 2441 body bytes, 255 header bytes, 12 chunking overhead bytes  	[MsgId: MMSG-26385]
Action.c(175): Notify: Transaction "find_ticket" ended with a "Pass" status (Duration: 0.2875 Wasted Time: 0.0142).
Action.c(179): Notify: Transaction "choice_ticket" started.
Action.c(181): web_reg_find started  	[MsgId: MMSG-26355]
Action.c(181): Registering web_reg_find was successful  	[MsgId: MMSG-26390]
Action.c(185): web_submit_data("reservations.pl_2") started  	[MsgId: MMSG-26355]
Action.c(185): Resource "http://localhost:1080/WebTours/images/button_next.gif" is in the cache already and will not be downloaded again  	[MsgId: MMSG-26655]
Action.c(185): Registered web_reg_find successful for "Text=Payment Details" (count=1)  	[MsgId: MMSG-26364]
Action.c(185): web_submit_data("reservations.pl_2") was successful, 2743 body bytes, 255 header bytes, 12 chunking overhead bytes  	[MsgId: MMSG-26385]
Action.c(203): Notify: Transaction "choice_ticket" ended with a "Pass" status (Duration: 0,2490 Wasted Time: 0,0143).
Action.c(207): Notify: Transaction "buy_ticket" started.
Action.c(209): web_reg_find started  	[MsgId: MMSG-26355]
Action.c(209): Registering web_reg_find was successful  	[MsgId: MMSG-26390]
Action.c(213): web_reg_find started  	[MsgId: MMSG-26355]
Action.c(213): Registering web_reg_find was successful  	[MsgId: MMSG-26390]
Action.c(216): web_submit_data("reservations.pl_3") started  	[MsgId: MMSG-26355]
Action.c(216): Found resource "http://localhost:1080/WebTours/images/bookanother.gif" in HTML "http://localhost:1080/cgi-bin/reservations.pl"  	[MsgId: MMSG-26659]
Action.c(216): Registered web_reg_find successful for "Text=Invoice" (count=2)  	[MsgId: MMSG-26364]
Action.c(216): Registered web_reg_find successful for "Text=A First Class ticket" (count=1)  	[MsgId: MMSG-26364]
Action.c(216): web_submit_data("reservations.pl_3") was successful, 3291 body bytes, 688 header bytes, 12 chunking overhead bytes  	[MsgId: MMSG-26385]
Action.c(245): Notify: Transaction "buy_ticket" ended with a "Pass" status (Duration: 0.2341 Wasted Time: 0.0127).
Action.c(247): Notify: Transaction "click_Itinerary" started.
Action.c(249): web_remove_auto_header("Sec-Fetch-User") started  	[MsgId: MMSG-26355]
Action.c(249): Previous automatically added web header for "Sec-Fetch-User" removed  	[MsgId: MMSG-26587]
Action.c(249): web_remove/revert_auto_header("Sec-Fetch-User") was successful  	[MsgId: MMSG-26392]
Action.c(253): web_reg_find started  	[MsgId: MMSG-26355]
Action.c(253): Registering web_reg_find was successful  	[MsgId: MMSG-26390]
Action.c(257): web_url("Itinerary Button") started  	[MsgId: MMSG-26355]
Action.c(257): Detected non-resource "http://localhost:1080/cgi-bin/nav.pl?page=menu&in=itinerary" in "http://localhost:1080/cgi-bin/welcome.pl?page=itinerary"  	[MsgId: MMSG-26574]
Action.c(257): Detected non-resource "http://localhost:1080/cgi-bin/itinerary.pl" in "http://localhost:1080/cgi-bin/welcome.pl?page=itinerary"  	[MsgId: MMSG-26574]
Action.c(257): Resource "http://localhost:1080/WebTours/images/flights.gif" is in the cache already and will not be downloaded again  	[MsgId: MMSG-26655]
Action.c(257): Found resource "http://localhost:1080/WebTours/images/in_itinerary.gif" in HTML "http://localhost:1080/cgi-bin/nav.pl?page=menu&in=itinerary"  	[MsgId: MMSG-26659]
Action.c(257): Resource "http://localhost:1080/WebTours/images/home.gif" is in the cache already and will not be downloaded again  	[MsgId: MMSG-26655]
Action.c(257): Resource "http://localhost:1080/WebTours/images/signoff.gif" is in the cache already and will not be downloaded again  	[MsgId: MMSG-26655]
Action.c(257): Found resource "http://localhost:1080/WebTours/images/cancelreservation.gif" in HTML "http://localhost:1080/cgi-bin/itinerary.pl"  	[MsgId: MMSG-26659]
Action.c(257): Found resource "http://localhost:1080/WebTours/images/cancelallreservations.gif" in HTML "http://localhost:1080/cgi-bin/itinerary.pl"  	[MsgId: MMSG-26659]
Action.c(257): Registered web_reg_find successful for "Text=Itinerary" (count=3)  	[MsgId: MMSG-26364]
Action.c(257): web_url("Itinerary Button") was successful, 10457 body bytes, 1619 header bytes, 43 chunking overhead bytes  	[MsgId: MMSG-26385]
Action.c(267): Notify: Transaction "click_Itinerary" ended with a "Pass" status (Duration: 0,4213 Wasted Time: 0,0172).
Action.c(270): Notify: Transaction "03_BuyTicket" ended with a "Pass" status (Duration: 3,3493 Wasted Time: 0,4104).
Ending action Action.
Ending iteration 1.
Ending Vuser...
Starting action vuser_end.
Ending action vuser_end.
Vuser Terminated.
