Virtual User Script started at: 29.08.2022 10:21:19
Starting action vuser_init.
Web Turbo Replay of LoadRunner 2021.0.0 for Windows 10; build 430 (џэт 05 2021 19:27:22)  	[MsgId: MMSG-26983]
Run mode: HTML  	[MsgId: MMSG-26993]
Replay user agent: Mozilla/5.0 (Windows NT 10.0; Win64; x64) AppleWebKit/537.36 (KHTML, like Gecko) Chrome/104.0.0.0 Safari/537.36  	[MsgId: MMSG-26988]
Runtime Settings file: "C:\Users\AZ\Documents\VuGen\Scripts\02_FindTicket\\default.cfg"  	[MsgId: MMSG-27141]
Ending action vuser_init.
Running Vuser...
Starting iteration 1.
Maximum number of concurrent connections per server: 6  	[MsgId: MMSG-26989]
Starting action Action.
Action.c(4): Notify: Transaction "02_FindTicket" started.
Action.c(6): Notify: Transaction "open_home_page" started.
Action.c(8): web_set_sockets_option started  	[MsgId: MMSG-26355]
Action.c(8): web_set_sockets_option was successful  	[MsgId: MMSG-26392]
Action.c(10): web_add_auto_header("Sec-Fetch-Dest") started  	[MsgId: MMSG-26355]
Action.c(10): web_add_auto_header("Sec-Fetch-Dest") was successful  	[MsgId: MMSG-26392]
Action.c(13): web_add_auto_header("Sec-Fetch-Mode") started  	[MsgId: MMSG-26355]
Action.c(13): web_add_auto_header("Sec-Fetch-Mode") was successful  	[MsgId: MMSG-26392]
Action.c(16): web_add_auto_header("Sec-Fetch-Site") started  	[MsgId: MMSG-26355]
Action.c(16): web_add_auto_header("Sec-Fetch-Site") was successful  	[MsgId: MMSG-26392]
Action.c(19): web_add_auto_header("Upgrade-Insecure-Requests") started  	[MsgId: MMSG-26355]
Action.c(19): web_add_auto_header("Upgrade-Insecure-Requests") was successful  	[MsgId: MMSG-26392]
Action.c(22): web_add_auto_header("sec-ch-ua") started  	[MsgId: MMSG-26355]
Action.c(22): web_add_auto_header("sec-ch-ua") was successful  	[MsgId: MMSG-26392]
Action.c(25): web_add_auto_header("sec-ch-ua-mobile") started  	[MsgId: MMSG-26355]
Action.c(25): web_add_auto_header("sec-ch-ua-mobile") was successful  	[MsgId: MMSG-26392]
Action.c(28): web_add_auto_header("sec-ch-ua-platform") started  	[MsgId: MMSG-26355]
Action.c(28): web_add_auto_header("sec-ch-ua-platform") was successful  	[MsgId: MMSG-26392]
Action.c(31): web_reg_find started  	[MsgId: MMSG-26355]
Action.c(31): Registering web_reg_find was successful  	[MsgId: MMSG-26390]
Action.c(36): web_reg_save_param_attrib started  	[MsgId: MMSG-26355]
Action.c(36): Registering web_reg_save_param_attrib was successful  	[MsgId: MMSG-26390]
Action.c(47): web_url("welcome.pl") started  	[MsgId: MMSG-26355]
Action.c(47): Detected non-resource "http://localhost:1080/cgi-bin/nav.pl?in=home" in "http://localhost:1080/cgi-bin/welcome.pl?signOff=true"  	[MsgId: MMSG-26574]
Action.c(47): Detected non-resource "http://localhost:1080/WebTours/home.html" in "http://localhost:1080/cgi-bin/welcome.pl?signOff=true"  	[MsgId: MMSG-26574]
Action.c(47): Found resource "http://localhost:1080/WebTours/images/mer_login.gif" in HTML "http://localhost:1080/cgi-bin/nav.pl?in=home"  	[MsgId: MMSG-26659]
Action.c(47): Registered web_reg_find successful for "Text=A Session ID has been created and loaded into a cookie called MSO" (count=1)  	[MsgId: MMSG-26364]
Action.c(47): web_url("welcome.pl") was successful, 4216 body bytes, 1182 header bytes, 24 chunking overhead bytes  	[MsgId: MMSG-26385]
Action.c(57): Notify: Transaction "open_home_page" ended with a "Pass" status (Duration: 0,4888 Wasted Time: 0,1581).
Action.c(61): Notify: Transaction "login" started.
Action.c(63): web_websocket_close started  	[MsgId: MMSG-26355]
Action.c(63): Warning -35046: The WebSocket whose ID is "0" is not connected  	[MsgId: MWAR-35046]
Action.c(63): web_websocket_close highest severity level was "warning"  	[MsgId: MMSG-26391]
Action.c(67): web_add_header("Origin") started  	[MsgId: MMSG-26355]
Action.c(67): web_add_header("Origin") was successful  	[MsgId: MMSG-26392]
Action.c(70): web_add_auto_header("Sec-Fetch-User") started  	[MsgId: MMSG-26355]
Action.c(70): web_add_auto_header("Sec-Fetch-User") was successful  	[MsgId: MMSG-26392]
Action.c(73): web_reg_find started  	[MsgId: MMSG-26355]
Action.c(73): Registering web_reg_find was successful  	[MsgId: MMSG-26390]
Action.c(77): web_submit_data("login.pl") started  	[MsgId: MMSG-26355]
Action.c(77): Detected non-resource "http://localhost:1080/cgi-bin/nav.pl?page=menu&in=home" in "http://localhost:1080/cgi-bin/login.pl"  	[MsgId: MMSG-26574]
Action.c(77): Detected non-resource "http://localhost:1080/cgi-bin/login.pl?intro=true" in "http://localhost:1080/cgi-bin/login.pl"  	[MsgId: MMSG-26574]
Action.c(77): Found resource "http://localhost:1080/WebTours/images/flights.gif" in HTML "http://localhost:1080/cgi-bin/nav.pl?page=menu&in=home"  	[MsgId: MMSG-26659]
Action.c(77): Found resource "http://localhost:1080/WebTours/images/itinerary.gif" in HTML "http://localhost:1080/cgi-bin/nav.pl?page=menu&in=home"  	[MsgId: MMSG-26659]
Action.c(77): Found resource "http://localhost:1080/WebTours/images/in_home.gif" in HTML "http://localhost:1080/cgi-bin/nav.pl?page=menu&in=home"  	[MsgId: MMSG-26659]
Action.c(77): Found resource "http://localhost:1080/WebTours/images/signoff.gif" in HTML "http://localhost:1080/cgi-bin/nav.pl?page=menu&in=home"  	[MsgId: MMSG-26659]
Action.c(77): Registered web_reg_find successful for "Text=User password was correct" (count=1)  	[MsgId: MMSG-26364]
Action.c(77): web_submit_data("login.pl") was successful, 5780 body bytes, 2058 header bytes, 36 chunking overhead bytes  	[MsgId: MMSG-26385]
Action.c(94): web_websocket_close started  	[MsgId: MMSG-26355]
Action.c(94): Warning -35046: The WebSocket whose ID is "1" is not connected  	[MsgId: MWAR-35046]
Action.c(94): web_websocket_close highest severity level was "warning"  	[MsgId: MMSG-26391]
Action.c(98): web_websocket_close started  	[MsgId: MMSG-26355]
Action.c(98): Warning -35046: The WebSocket whose ID is "2" is not connected  	[MsgId: MWAR-35046]
Action.c(98): web_websocket_close highest severity level was "warning"  	[MsgId: MMSG-26391]
Action.c(102): web_websocket_close started  	[MsgId: MMSG-26355]
Action.c(102): Warning -35046: The WebSocket whose ID is "3" is not connected  	[MsgId: MWAR-35046]
Action.c(102): web_websocket_close highest severity level was "warning"  	[MsgId: MMSG-26391]
Action.c(106): web_websocket_close started  	[MsgId: MMSG-26355]
Action.c(106): Warning -35046: The WebSocket whose ID is "4" is not connected  	[MsgId: MWAR-35046]
Action.c(106): web_websocket_close highest severity level was "warning"  	[MsgId: MMSG-26391]
Action.c(110): Notify: Transaction "login" ended with a "Pass" status (Duration: 0.3339 Wasted Time: 0.0157).
Action.c(112): web_websocket_close started  	[MsgId: MMSG-26355]
Action.c(112): Warning -35046: The WebSocket whose ID is "5" is not connected  	[MsgId: MWAR-35046]
Action.c(112): web_websocket_close highest severity level was "warning"  	[MsgId: MMSG-26391]
Action.c(116): web_websocket_send started  	[MsgId: MMSG-26355]
Action.c(116): Warning -35046: The WebSocket whose ID is "6" is not connected  	[MsgId: MWAR-35046]
Action.c(116): web_websocket_send highest severity level was "warning"  	[MsgId: MMSG-26391]
Action.c(123): Notify: Transaction "click_flights" started.
Action.c(125): web_remove_auto_header("Sec-Fetch-User") started  	[MsgId: MMSG-26355]
Action.c(125): Previous automatically added web header for "Sec-Fetch-User" removed  	[MsgId: MMSG-26587]
Action.c(125): web_remove/revert_auto_header("Sec-Fetch-User") was successful  	[MsgId: MMSG-26392]
Action.c(129): web_reg_find started  	[MsgId: MMSG-26355]
Action.c(129): Registering web_reg_find was successful  	[MsgId: MMSG-26390]
Action.c(133): web_url("Search Flights Button") started  	[MsgId: MMSG-26355]
Action.c(133): Detected non-resource "http://localhost:1080/cgi-bin/nav.pl?page=menu&in=flights" in "http://localhost:1080/cgi-bin/welcome.pl?page=search"  	[MsgId: MMSG-26574]
Action.c(133): Detected non-resource "http://localhost:1080/cgi-bin/reservations.pl?page=welcome" in "http://localhost:1080/cgi-bin/welcome.pl?page=search"  	[MsgId: MMSG-26574]
Action.c(133): Found resource "http://localhost:1080/WebTours/images/in_flights.gif" in HTML "http://localhost:1080/cgi-bin/nav.pl?page=menu&in=flights"  	[MsgId: MMSG-26659]
Action.c(133): Resource "http://localhost:1080/WebTours/images/itinerary.gif" is in the cache already and will not be downloaded again  	[MsgId: MMSG-26655]
Action.c(133): Found resource "http://localhost:1080/WebTours/images/home.gif" in HTML "http://localhost:1080/cgi-bin/nav.pl?page=menu&in=flights"  	[MsgId: MMSG-26659]
Action.c(133): Resource "http://localhost:1080/WebTours/images/signoff.gif" is in the cache already and will not be downloaded again  	[MsgId: MMSG-26655]
Action.c(133): Found resource "http://localhost:1080/WebTours/images/button_next.gif" in HTML "http://localhost:1080/cgi-bin/reservations.pl?page=welcome"  	[MsgId: MMSG-26659]
Action.c(133): Registered web_reg_find successful for "Text=Departure Date Applet" (count=1)  	[MsgId: MMSG-26364]
Action.c(133): web_url("Search Flights Button") was successful, 8516 body bytes, 1619 header bytes, 43 chunking overhead bytes  	[MsgId: MMSG-26385]
Action.c(143): Notify: Transaction "click_flights" ended with a "Pass" status (Duration: 0,2731 Wasted Time: 0,0134).
Action.c(145): Notify: Transaction "find_ticket" started.
Action.c(147): web_add_auto_header("Origin") started  	[MsgId: MMSG-26355]
Action.c(147): web_add_auto_header("Origin") was successful  	[MsgId: MMSG-26392]
Action.c(150): web_add_auto_header("Sec-Fetch-User") started  	[MsgId: MMSG-26355]
Action.c(150): web_add_auto_header("Sec-Fetch-User") was successful  	[MsgId: MMSG-26392]
Action.c(153): web_reg_save_param started  	[MsgId: MMSG-26355]
Action.c(153): Registering web_reg_save_param was successful  	[MsgId: MMSG-26390]
Action.c(158): web_submit_data("reservations.pl") started  	[MsgId: MMSG-26355]
Action.c(158): Error -26377: No match found for the requested parameter "outboundFlight". Either the specified boundaries were not found in the response or the matched text is longer than current max html parameter size of 256 bytes. The total length of the response is 717 bytes. You can use "web_set_max_html_param_len" to increase the max parameter size.  	[MsgId: MERR-26377]
Action.c(158): web_submit_data("reservations.pl") highest severity level was "ERROR", 717 body bytes, 255 header bytes, 12 chunking overhead bytes  	[MsgId: MMSG-26387]
Action.c(158): Notify: Transaction "find_ticket" ended with a "Fail" status (Duration: 0.1492 Wasted Time: 0.0087).
Action.c(158): Notify: Transaction "find_ticket" has 1 error message(s).
Action.c(158): Notify: The 1st error message associated with transaction "find_ticket" is "Error -26377: No match found for the requested parameter "outboundFlight". Either the specified boundaries were not found in the response or the matched text is longer than current max html parameter size of 256 bytes. The total length of the response is 717 bytes. You can use "web_set_max_html_param_len" to increase the max parameter size."
Action.c(158): Notify: Transaction "02_FindTicket" ended with a "Fail" status (Duration: 1.3537 Wasted Time: 0.1959).
Action.c(158): Notify: Transaction "02_FindTicket" has 1 error message(s).
Action.c(158): Notify: The 1st error message associated with transaction "02_FindTicket" is "Error -26377: No match found for the requested parameter "outboundFlight". Either the specified boundaries were not found in the response or the matched text is longer than current max html parameter size of 256 bytes. The total length of the response is 717 bytes. You can use "web_set_max_html_param_len" to increase the max parameter size."
Ending action Action.
Ending iteration 1.
Ending Vuser...
Starting action vuser_end.
Ending action vuser_end.
Vuser Terminated.
