Start auto log messages stack - Iteration 2.	[MsgId: MMSG-10545]
Action.c(177): web_reg_find started  	[MsgId: MMSG-26355]
Action.c(177): Registering web_reg_find was successful  	[MsgId: MMSG-26390]
Action.c(181): web_submit_form("itinerary.pl") started  	[MsgId: MMSG-26355]
Action.c(181): Submitting form to "http://localhost:1080/cgi-bin/itinerary.pl", Target Frame=""  	[MsgId: MMSG-27978]
Action.c(181): Resource "http://localhost:1080/WebTours/images/cancelreservation.gif" is in the cache already and will not be downloaded again  	[MsgId: MMSG-26655]
Action.c(181): Resource "http://localhost:1080/WebTours/images/cancelallreservations.gif" is in the cache already and will not be downloaded again  	[MsgId: MMSG-26655]
Action.c(181): Registered web_reg_find successful for "Text=Itinerary" (count=1)  	[MsgId: MMSG-26364]
Action.c(181): Error -26368: "Text=288055190-780-MT" found for web_reg_find (count=1)  	[MsgId: MERR-26368]
End auto log messages stack.	[MsgId: MMSG-10544]


Start auto log messages stack - Iteration 13.	[MsgId: MMSG-10545]
Action.c(177): web_reg_find started  	[MsgId: MMSG-26355]
Action.c(177): Registering web_reg_find was successful  	[MsgId: MMSG-26390]
Action.c(181): web_submit_form("itinerary.pl") started  	[MsgId: MMSG-26355]
Action.c(181): Submitting form to "http://localhost:1080/cgi-bin/itinerary.pl", Target Frame=""  	[MsgId: MMSG-27978]
Action.c(181): Resource "http://localhost:1080/WebTours/images/cancelreservation.gif" is in the cache already and will not be downloaded again  	[MsgId: MMSG-26655]
Action.c(181): Resource "http://localhost:1080/WebTours/images/cancelallreservations.gif" is in the cache already and will not be downloaded again  	[MsgId: MMSG-26655]
Action.c(181): Registered web_reg_find successful for "Text=Itinerary" (count=1)  	[MsgId: MMSG-26364]
Action.c(181): Error -26368: "Text=41166306-789-TV" found for web_reg_find (count=1)  	[MsgId: MERR-26368]
End auto log messages stack.	[MsgId: MMSG-10544]


Start auto log messages stack - Iteration 25.	[MsgId: MMSG-10545]
Action.c(177): web_reg_find started  	[MsgId: MMSG-26355]
Action.c(177): Registering web_reg_find was successful  	[MsgId: MMSG-26390]
Action.c(181): web_submit_form("itinerary.pl") started  	[MsgId: MMSG-26355]
Action.c(181): Submitting form to "http://localhost:1080/cgi-bin/itinerary.pl", Target Frame=""  	[MsgId: MMSG-27978]
Action.c(181): Resource "http://localhost:1080/WebTours/images/cancelreservation.gif" is in the cache already and will not be downloaded again  	[MsgId: MMSG-26655]
Action.c(181): Resource "http://localhost:1080/WebTours/images/cancelallreservations.gif" is in the cache already and will not be downloaded again  	[MsgId: MMSG-26655]
Action.c(181): Registered web_reg_find successful for "Text=Itinerary" (count=1)  	[MsgId: MMSG-26364]
Action.c(181): Error -26368: "Text=41154090-802-OA" found for web_reg_find (count=1)  	[MsgId: MERR-26368]
End auto log messages stack.	[MsgId: MMSG-10544]


Start auto log messages stack - Iteration 30.	[MsgId: MMSG-10545]
Action.c(177): web_reg_find started  	[MsgId: MMSG-26355]
Action.c(177): Registering web_reg_find was successful  	[MsgId: MMSG-26390]
Action.c(181): web_submit_form("itinerary.pl") started  	[MsgId: MMSG-26355]
Action.c(181): Submitting form to "http://localhost:1080/cgi-bin/itinerary.pl", Target Frame=""  	[MsgId: MMSG-27978]
Action.c(181): Resource "http://localhost:1080/WebTours/images/cancelreservation.gif" is in the cache already and will not be downloaded again  	[MsgId: MMSG-26655]
Action.c(181): Resource "http://localhost:1080/WebTours/images/cancelallreservations.gif" is in the cache already and will not be downloaded again  	[MsgId: MMSG-26655]
Action.c(181): Registered web_reg_find successful for "Text=Itinerary" (count=1)  	[MsgId: MMSG-26364]
Action.c(181): Error -26368: "Text=288071857-780-GM" found for web_reg_find (count=1)  	[MsgId: MERR-26368]
End auto log messages stack.	[MsgId: MMSG-10544]


Start auto log messages stack - Iteration 38.	[MsgId: MMSG-10545]
Action.c(177): web_reg_find started  	[MsgId: MMSG-26355]
Action.c(177): Registering web_reg_find was successful  	[MsgId: MMSG-26390]
Action.c(181): web_submit_form("itinerary.pl") started  	[MsgId: MMSG-26355]
Action.c(181): Submitting form to "http://localhost:1080/cgi-bin/itinerary.pl", Target Frame=""  	[MsgId: MMSG-27978]
Action.c(181): Resource "http://localhost:1080/WebTours/images/cancelreservation.gif" is in the cache already and will not be downloaded again  	[MsgId: MMSG-26655]
Action.c(181): Resource "http://localhost:1080/WebTours/images/cancelallreservations.gif" is in the cache already and will not be downloaded again  	[MsgId: MMSG-26655]
Action.c(181): Registered web_reg_find successful for "Text=Itinerary" (count=1)  	[MsgId: MMSG-26364]
Action.c(181): Error -26368: "Text=164594463-808-JL" found for web_reg_find (count=1)  	[MsgId: MERR-26368]
End auto log messages stack.	[MsgId: MMSG-10544]


Start auto log messages stack - Iteration 47.	[MsgId: MMSG-10545]
Action.c(177): web_reg_find started  	[MsgId: MMSG-26355]
Action.c(177): Registering web_reg_find was successful  	[MsgId: MMSG-26390]
Action.c(181): web_submit_form("itinerary.pl") started  	[MsgId: MMSG-26355]
Action.c(181): Submitting form to "http://localhost:1080/cgi-bin/itinerary.pl", Target Frame=""  	[MsgId: MMSG-27978]
Action.c(181): Resource "http://localhost:1080/WebTours/images/cancelreservation.gif" is in the cache already and will not be downloaded again  	[MsgId: MMSG-26655]
Action.c(181): Resource "http://localhost:1080/WebTours/images/cancelallreservations.gif" is in the cache already and will not be downloaded again  	[MsgId: MMSG-26655]
Action.c(181): Registered web_reg_find successful for "Text=Itinerary" (count=1)  	[MsgId: MMSG-26364]
Action.c(181): Error -26368: "Text=164627417-789-HB" found for web_reg_find (count=1)  	[MsgId: MERR-26368]
End auto log messages stack.	[MsgId: MMSG-10544]


Start auto log messages stack - Iteration 53.	[MsgId: MMSG-10545]
Action.c(177): web_reg_find started  	[MsgId: MMSG-26355]
Action.c(177): Registering web_reg_find was successful  	[MsgId: MMSG-26390]
Action.c(181): web_submit_form("itinerary.pl") started  	[MsgId: MMSG-26355]
Action.c(181): Submitting form to "http://localhost:1080/cgi-bin/itinerary.pl", Target Frame=""  	[MsgId: MMSG-27978]
Action.c(181): Resource "http://localhost:1080/WebTours/images/cancelreservation.gif" is in the cache already and will not be downloaded again  	[MsgId: MMSG-26655]
Action.c(181): Resource "http://localhost:1080/WebTours/images/cancelallreservations.gif" is in the cache already and will not be downloaded again  	[MsgId: MMSG-26655]
Action.c(181): Registered web_reg_find successful for "Text=Itinerary" (count=1)  	[MsgId: MMSG-26364]
Action.c(181): Error -26368: "Text=1646025965-7773-TV" found for web_reg_find (count=1)  	[MsgId: MERR-26368]
End auto log messages stack.	[MsgId: MMSG-10544]


Start auto log messages stack - Iteration 53.	[MsgId: MMSG-10545]
Action.c(177): web_reg_find started  	[MsgId: MMSG-26355]
Action.c(177): Registering web_reg_find was successful  	[MsgId: MMSG-26390]
Action.c(181): web_submit_form("itinerary.pl") started  	[MsgId: MMSG-26355]
Action.c(181): Submitting form to "http://localhost:1080/cgi-bin/itinerary.pl", Target Frame=""  	[MsgId: MMSG-27978]
Action.c(181): Resource "http://localhost:1080/WebTours/images/cancelreservation.gif" is in the cache already and will not be downloaded again  	[MsgId: MMSG-26655]
Action.c(181): Resource "http://localhost:1080/WebTours/images/cancelallreservations.gif" is in the cache already and will not be downloaded again  	[MsgId: MMSG-26655]
Action.c(181): Registered web_reg_find successful for "Text=Itinerary" (count=1)  	[MsgId: MMSG-26364]
Action.c(181): Error -26368: "Text=1646025965-7773-TV" found for web_reg_find (count=1)  	[MsgId: MERR-26368]
End auto log messages stack.	[MsgId: MMSG-10544]


Start auto log messages stack - Iteration 54.	[MsgId: MMSG-10545]
Action.c(177): web_reg_find started  	[MsgId: MMSG-26355]
Action.c(177): Registering web_reg_find was successful  	[MsgId: MMSG-26390]
Action.c(181): web_submit_form("itinerary.pl") started  	[MsgId: MMSG-26355]
Action.c(181): Submitting form to "http://localhost:1080/cgi-bin/itinerary.pl", Target Frame=""  	[MsgId: MMSG-27978]
Action.c(181): Resource "http://localhost:1080/WebTours/images/cancelreservation.gif" is in the cache already and will not be downloaded again  	[MsgId: MMSG-26655]
Action.c(181): Resource "http://localhost:1080/WebTours/images/cancelallreservations.gif" is in the cache already and will not be downloaded again  	[MsgId: MMSG-26655]
Action.c(181): Registered web_reg_find successful for "Text=Itinerary" (count=1)  	[MsgId: MMSG-26364]
Action.c(181): Error -26368: "Text=288042986-817-TS" found for web_reg_find (count=1)  	[MsgId: MERR-26368]
End auto log messages stack.	[MsgId: MMSG-10544]


Start auto log messages stack - Iteration 62.	[MsgId: MMSG-10545]
Action.c(177): web_reg_find started  	[MsgId: MMSG-26355]
Action.c(177): Registering web_reg_find was successful  	[MsgId: MMSG-26390]
Action.c(181): web_submit_form("itinerary.pl") started  	[MsgId: MMSG-26355]
Action.c(181): Submitting form to "http://localhost:1080/cgi-bin/itinerary.pl", Target Frame=""  	[MsgId: MMSG-27978]
Action.c(181): Resource "http://localhost:1080/WebTours/images/cancelreservation.gif" is in the cache already and will not be downloaded again  	[MsgId: MMSG-26655]
Action.c(181): Resource "http://localhost:1080/WebTours/images/cancelallreservations.gif" is in the cache already and will not be downloaded again  	[MsgId: MMSG-26655]
Action.c(181): Registered web_reg_find successful for "Text=Itinerary" (count=1)  	[MsgId: MMSG-26364]
Action.c(181): Error -26368: "Text=164611121-790-MT" found for web_reg_find (count=1)  	[MsgId: MERR-26368]
End auto log messages stack.	[MsgId: MMSG-10544]


Start auto log messages stack - Iteration 72.	[MsgId: MMSG-10545]
Action.c(177): web_reg_find started  	[MsgId: MMSG-26355]
Action.c(177): Registering web_reg_find was successful  	[MsgId: MMSG-26390]
Action.c(181): web_submit_form("itinerary.pl") started  	[MsgId: MMSG-26355]
Action.c(181): Submitting form to "http://localhost:1080/cgi-bin/itinerary.pl", Target Frame=""  	[MsgId: MMSG-27978]
Action.c(181): Resource "http://localhost:1080/WebTours/images/cancelreservation.gif" is in the cache already and will not be downloaded again  	[MsgId: MMSG-26655]
Action.c(181): Resource "http://localhost:1080/WebTours/images/cancelallreservations.gif" is in the cache already and will not be downloaded again  	[MsgId: MMSG-26655]
Action.c(181): Registered web_reg_find successful for "Text=Itinerary" (count=1)  	[MsgId: MMSG-26364]
Action.c(181): Error -26368: "Text=164615208-817-MT" found for web_reg_find (count=1)  	[MsgId: MERR-26368]
End auto log messages stack.	[MsgId: MMSG-10544]


