Virtual User Script started at: 06.09.2022 14:26:40
Starting action vuser_init.
Web Turbo Replay of LoadRunner 2021.0.0 for Windows 10; build 430 (янв 05 2021 19:27:22)  	[MsgId: MMSG-26983]
Run mode: HTML  	[MsgId: MMSG-26993]
Replay user agent: Mozilla/5.0 (Windows NT 10.0; Win64; x64) AppleWebKit/537.36 (KHTML, like Gecko) Chrome/105.0.0.0 Safari/537.36  	[MsgId: MMSG-26988]
Runtime Settings file: "C:\Users\AZ\Desktop\NT\Скрипты\04_NewUsr\\default.cfg"  	[MsgId: MMSG-27141]
Ending action vuser_init.
Running Vuser...
Starting iteration 1.
Maximum number of concurrent connections per server: 6  	[MsgId: MMSG-26989]
Starting action Action.
Action.c(17): Notify: Transaction "04_NewUsr" started.
Action.c(19): Notify: Transaction "open_home_page" started.
Action.c(21): web_set_sockets_option started  	[MsgId: MMSG-26355]
Action.c(21): web_set_sockets_option was successful  	[MsgId: MMSG-26392]
Action.c(23): web_add_auto_header("Sec-Fetch-Dest") started  	[MsgId: MMSG-26355]
Action.c(23): web_add_auto_header("Sec-Fetch-Dest") was successful  	[MsgId: MMSG-26392]
Action.c(26): web_add_auto_header("Sec-Fetch-Mode") started  	[MsgId: MMSG-26355]
Action.c(26): web_add_auto_header("Sec-Fetch-Mode") was successful  	[MsgId: MMSG-26392]
Action.c(29): web_add_auto_header("Sec-Fetch-Site") started  	[MsgId: MMSG-26355]
Action.c(29): web_add_auto_header("Sec-Fetch-Site") was successful  	[MsgId: MMSG-26392]
Action.c(32): web_add_auto_header("Upgrade-Insecure-Requests") started  	[MsgId: MMSG-26355]
Action.c(32): web_add_auto_header("Upgrade-Insecure-Requests") was successful  	[MsgId: MMSG-26392]
Action.c(35): web_add_auto_header("sec-ch-ua") started  	[MsgId: MMSG-26355]
Action.c(35): web_add_auto_header("sec-ch-ua") was successful  	[MsgId: MMSG-26392]
Action.c(38): web_add_auto_header("sec-ch-ua-mobile") started  	[MsgId: MMSG-26355]
Action.c(38): web_add_auto_header("sec-ch-ua-mobile") was successful  	[MsgId: MMSG-26392]
Action.c(41): web_add_auto_header("sec-ch-ua-platform") started  	[MsgId: MMSG-26355]
Action.c(41): web_add_auto_header("sec-ch-ua-platform") was successful  	[MsgId: MMSG-26392]
Action.c(44): web_reg_find started  	[MsgId: MMSG-26355]
Action.c(44): Registering web_reg_find was successful  	[MsgId: MMSG-26390]
Action.c(48): web_url("welcome.pl") started  	[MsgId: MMSG-26355]
Action.c(48): Detected non-resource "http://localhost:1080/cgi-bin/nav.pl?in=home" in "http://localhost:1080/cgi-bin/welcome.pl?signOff=true"  	[MsgId: MMSG-26574]
Action.c(48): Detected non-resource "http://localhost:1080/WebTours/home.html" in "http://localhost:1080/cgi-bin/welcome.pl?signOff=true"  	[MsgId: MMSG-26574]
Action.c(48): Found resource "http://localhost:1080/WebTours/images/mer_login.gif" in HTML "http://localhost:1080/cgi-bin/nav.pl?in=home"  	[MsgId: MMSG-26659]
Action.c(48): Registered web_reg_find successful for "Text=A Session ID has been created and loaded into a cookie called MSO" (count=1)  	[MsgId: MMSG-26364]
Action.c(48): web_url("welcome.pl") was successful, 4215 body bytes, 1182 header bytes, 24 chunking overhead bytes  	[MsgId: MMSG-26385]
Action.c(58): Notify: Transaction "open_home_page" ended with a "Pass" status (Duration: 0.5125 Wasted Time: 0.1804).
Action.c(60): Notify: Transaction "click_sign_up_now" started.
Action.c(62): web_add_auto_header("Sec-Fetch-User") started  	[MsgId: MMSG-26355]
Action.c(62): web_add_auto_header("Sec-Fetch-User") was successful  	[MsgId: MMSG-26392]
Action.c(65): lr_think_time: 5.00 seconds.
Action.c(67): web_reg_find started  	[MsgId: MMSG-26355]
Action.c(67): Registering web_reg_find was successful  	[MsgId: MMSG-26390]
Action.c(71): web_url("login.pl") started  	[MsgId: MMSG-26355]
Action.c(71): Found resource "http://localhost:1080/WebTours/profileValidate.js" in HTML "http://localhost:1080/cgi-bin/login.pl?username=&password=&getInfo=true"  	[MsgId: MMSG-26659]
Action.c(71): Found resource "http://localhost:1080/WebTours/images/button_next.gif" in HTML "http://localhost:1080/cgi-bin/login.pl?username=&password=&getInfo=true"  	[MsgId: MMSG-26659]
Action.c(71): Registered web_reg_find successful for "Text=Customer Profile" (count=1)  	[MsgId: MMSG-26364]
Action.c(71): web_url("login.pl") was successful, 14475 body bytes, 843 header bytes, 12 chunking overhead bytes  	[MsgId: MMSG-26385]
Action.c(81): Notify: Transaction "click_sign_up_now" ended with a "Pass" status (Duration: 5,1563 Think Time: 5,0152 Wasted Time: 0,0076).
Action.c(83): Notify: Transaction "data_usr" started.
Action.c(85): web_add_header("Origin") started  	[MsgId: MMSG-26355]
Action.c(85): web_add_header("Origin") was successful  	[MsgId: MMSG-26392]
Action.c(88): lr_think_time: 5,00 seconds.
Action.c(90): web_reg_find started  	[MsgId: MMSG-26355]
Action.c(90): Registering web_reg_find was successful  	[MsgId: MMSG-26390]
Action.c(94): web_submit_data("login.pl_2") started  	[MsgId: MMSG-26355]
Action.c(94): Resource "http://localhost:1080/WebTours/images/button_next.gif" is in the cache already and will not be downloaded again  	[MsgId: MMSG-26655]
Action.c(94): Registered web_reg_find successful for "Text=Thank you, <b>uwxh</b>" (count=1)  	[MsgId: MMSG-26364]
Action.c(94): web_submit_data("login.pl_2") was successful, 1077 body bytes, 362 header bytes, 12 chunking overhead bytes  	[MsgId: MMSG-26385]
Action.c(114): Notify: Transaction "data_usr" ended with a "Pass" status (Duration: 5,1823 Think Time: 5,0103 Wasted Time: 0,0063).
Action.c(116): Notify: Transaction "welcome_new_usr" started.
Action.c(118): web_remove_auto_header("Sec-Fetch-User") started  	[MsgId: MMSG-26355]
Action.c(118): Previous automatically added web header for "Sec-Fetch-User" removed  	[MsgId: MMSG-26587]
Action.c(118): web_remove/revert_auto_header("Sec-Fetch-User") was successful  	[MsgId: MMSG-26392]
Action.c(120): web_add_auto_header("Sec-Fetch-User") started  	[MsgId: MMSG-26355]
Action.c(120): web_add_auto_header("Sec-Fetch-User") was successful  	[MsgId: MMSG-26392]
Action.c(123): lr_think_time: 5,00 seconds.
Action.c(125): web_reg_find started  	[MsgId: MMSG-26355]
Action.c(125): Registering web_reg_find was successful  	[MsgId: MMSG-26390]
Action.c(129): web_url("button_next.gif") started  	[MsgId: MMSG-26355]
Action.c(129): Detected non-resource "http://localhost:1080/cgi-bin/nav.pl?page=menu&in=home" in "http://localhost:1080/cgi-bin/welcome.pl?page=menus"  	[MsgId: MMSG-26574]
Action.c(129): Detected non-resource "http://localhost:1080/cgi-bin/login.pl?intro=true" in "http://localhost:1080/cgi-bin/welcome.pl?page=menus"  	[MsgId: MMSG-26574]
Action.c(129): Found resource "http://localhost:1080/WebTours/images/flights.gif" in HTML "http://localhost:1080/cgi-bin/nav.pl?page=menu&in=home"  	[MsgId: MMSG-26659]
Action.c(129): Found resource "http://localhost:1080/WebTours/images/itinerary.gif" in HTML "http://localhost:1080/cgi-bin/nav.pl?page=menu&in=home"  	[MsgId: MMSG-26659]
Action.c(129): Found resource "http://localhost:1080/WebTours/images/in_home.gif" in HTML "http://localhost:1080/cgi-bin/nav.pl?page=menu&in=home"  	[MsgId: MMSG-26659]
Action.c(129): Found resource "http://localhost:1080/WebTours/images/signoff.gif" in HTML "http://localhost:1080/cgi-bin/nav.pl?page=menu&in=home"  	[MsgId: MMSG-26659]
Action.c(129): Registered web_reg_find successful for "Text=Welcome, <b>uwxh</b>" (count=1)  	[MsgId: MMSG-26364]
Action.c(129): web_url("button_next.gif") was successful, 5894 body bytes, 1897 header bytes, 36 chunking overhead bytes  	[MsgId: MMSG-26385]
Action.c(139): Notify: Transaction "welcome_new_usr" ended with a "Pass" status (Duration: 5,2195 Think Time: 5,0006 Wasted Time: 0,0087).
Action.c(141): Notify: Transaction "logout" started.
Action.c(143): web_remove_auto_header("Sec-Fetch-User") started  	[MsgId: MMSG-26355]
Action.c(143): Previous automatically added web header for "Sec-Fetch-User" removed  	[MsgId: MMSG-26587]
Action.c(143): web_remove/revert_auto_header("Sec-Fetch-User") was successful  	[MsgId: MMSG-26392]
Action.c(145): web_reg_find started  	[MsgId: MMSG-26355]
Action.c(145): Registering web_reg_find was successful  	[MsgId: MMSG-26390]
Action.c(149): lr_think_time: 5,00 seconds.
Action.c(151): web_url("SignOff Button") started  	[MsgId: MMSG-26355]
Action.c(151): Detected non-resource "http://localhost:1080/cgi-bin/nav.pl?in=home" in "http://localhost:1080/cgi-bin/welcome.pl?signOff=1"  	[MsgId: MMSG-26574]
Action.c(151): Detected non-resource "http://localhost:1080/WebTours/home.html" in "http://localhost:1080/cgi-bin/welcome.pl?signOff=1"  	[MsgId: MMSG-26574]
Action.c(151): Retrieving data from cache for "http://localhost:1080/WebTours/home.html"  	[MsgId: MMSG-26558]
Action.c(151): Resource "http://localhost:1080/WebTours/images/mer_login.gif" is in the cache already and will not be downloaded again  	[MsgId: MMSG-26655]
Action.c(151): Registered web_reg_find successful for "Text=A Session ID has been created and loaded into a cookie called MSO" (count=1)  	[MsgId: MMSG-26364]
Action.c(151): web_url("SignOff Button") was successful, 2175 body bytes, 584 header bytes, 24 chunking overhead bytes  	[MsgId: MMSG-26385]
Action.c(161): Notify: Transaction "logout" ended with a "Pass" status (Duration: 5,1933 Think Time: 5,0058 Wasted Time: 0,0065).
Action.c(163): Notify: Transaction "04_NewUsr" ended with a "Pass" status (Duration: 21,3762 Think Time: 20,0319 Wasted Time: 0,2094).
Ending action Action.
Ending iteration 1.
Starting iteration 2.
Starting action Action.
Action.c(17): Notify: Transaction "04_NewUsr" started.
Action.c(19): Notify: Transaction "open_home_page" started.
Action.c(21): web_set_sockets_option started  	[MsgId: MMSG-26355]
Action.c(21): web_set_sockets_option was successful  	[MsgId: MMSG-26392]
Action.c(23): web_add_auto_header("Sec-Fetch-Dest") started  	[MsgId: MMSG-26355]
Action.c(23): web_add_auto_header("Sec-Fetch-Dest") was successful  	[MsgId: MMSG-26392]
Action.c(26): web_add_auto_header("Sec-Fetch-Mode") started  	[MsgId: MMSG-26355]
Action.c(26): web_add_auto_header("Sec-Fetch-Mode") was successful  	[MsgId: MMSG-26392]
Action.c(29): web_add_auto_header("Sec-Fetch-Site") started  	[MsgId: MMSG-26355]
Action.c(29): web_add_auto_header("Sec-Fetch-Site") was successful  	[MsgId: MMSG-26392]
Action.c(32): web_add_auto_header("Upgrade-Insecure-Requests") started  	[MsgId: MMSG-26355]
Action.c(32): web_add_auto_header("Upgrade-Insecure-Requests") was successful  	[MsgId: MMSG-26392]
Action.c(35): web_add_auto_header("sec-ch-ua") started  	[MsgId: MMSG-26355]
Action.c(35): web_add_auto_header("sec-ch-ua") was successful  	[MsgId: MMSG-26392]
Action.c(38): web_add_auto_header("sec-ch-ua-mobile") started  	[MsgId: MMSG-26355]
Action.c(38): web_add_auto_header("sec-ch-ua-mobile") was successful  	[MsgId: MMSG-26392]
Action.c(41): web_add_auto_header("sec-ch-ua-platform") started  	[MsgId: MMSG-26355]
Action.c(41): web_add_auto_header("sec-ch-ua-platform") was successful  	[MsgId: MMSG-26392]
Action.c(44): web_reg_find started  	[MsgId: MMSG-26355]
Action.c(44): Registering web_reg_find was successful  	[MsgId: MMSG-26390]
Action.c(48): web_url("welcome.pl") started  	[MsgId: MMSG-26355]
Action.c(48): Detected non-resource "http://localhost:1080/cgi-bin/nav.pl?in=home" in "http://localhost:1080/cgi-bin/welcome.pl?signOff=true"  	[MsgId: MMSG-26574]
Action.c(48): Detected non-resource "http://localhost:1080/WebTours/home.html" in "http://localhost:1080/cgi-bin/welcome.pl?signOff=true"  	[MsgId: MMSG-26574]
Action.c(48): Found resource "http://localhost:1080/WebTours/images/mer_login.gif" in HTML "http://localhost:1080/cgi-bin/nav.pl?in=home"  	[MsgId: MMSG-26659]
Action.c(48): Registered web_reg_find successful for "Text=A Session ID has been created and loaded into a cookie called MSO" (count=1)  	[MsgId: MMSG-26364]
Action.c(48): web_url("welcome.pl") was successful, 4215 body bytes, 1182 header bytes, 24 chunking overhead bytes  	[MsgId: MMSG-26385]
Action.c(58): Notify: Transaction "open_home_page" ended with a "Pass" status (Duration: 0,3123 Wasted Time: 0,0122).
Action.c(60): Notify: Transaction "click_sign_up_now" started.
Action.c(62): web_add_auto_header("Sec-Fetch-User") started  	[MsgId: MMSG-26355]
Action.c(62): web_add_auto_header("Sec-Fetch-User") was successful  	[MsgId: MMSG-26392]
Action.c(65): lr_think_time: 5,00 seconds.
Action.c(67): web_reg_find started  	[MsgId: MMSG-26355]
Action.c(67): Registering web_reg_find was successful  	[MsgId: MMSG-26390]
Action.c(71): web_url("login.pl") started  	[MsgId: MMSG-26355]
Action.c(71): Found resource "http://localhost:1080/WebTours/profileValidate.js" in HTML "http://localhost:1080/cgi-bin/login.pl?username=&password=&getInfo=true"  	[MsgId: MMSG-26659]
Action.c(71): Found resource "http://localhost:1080/WebTours/images/button_next.gif" in HTML "http://localhost:1080/cgi-bin/login.pl?username=&password=&getInfo=true"  	[MsgId: MMSG-26659]
Action.c(71): Registered web_reg_find successful for "Text=Customer Profile" (count=1)  	[MsgId: MMSG-26364]
Action.c(71): web_url("login.pl") was successful, 14475 body bytes, 843 header bytes, 12 chunking overhead bytes  	[MsgId: MMSG-26385]
Action.c(81): Notify: Transaction "click_sign_up_now" ended with a "Pass" status (Duration: 5,1537 Think Time: 5,0130 Wasted Time: 0,0102).
Action.c(83): Notify: Transaction "data_usr" started.
Action.c(85): web_add_header("Origin") started  	[MsgId: MMSG-26355]
Action.c(85): web_add_header("Origin") was successful  	[MsgId: MMSG-26392]
Action.c(88): lr_think_time: 5,00 seconds.
Action.c(90): web_reg_find started  	[MsgId: MMSG-26355]
Action.c(90): Registering web_reg_find was successful  	[MsgId: MMSG-26390]
Action.c(94): web_submit_data("login.pl_2") started  	[MsgId: MMSG-26355]
Action.c(94): Resource "http://localhost:1080/WebTours/images/button_next.gif" is in the cache already and will not be downloaded again  	[MsgId: MMSG-26655]
Action.c(94): Registered web_reg_find successful for "Text=Thank you, <b>nleh</b>" (count=1)  	[MsgId: MMSG-26364]
Action.c(94): web_submit_data("login.pl_2") was successful, 1077 body bytes, 361 header bytes, 12 chunking overhead bytes  	[MsgId: MMSG-26385]
Action.c(114): Notify: Transaction "data_usr" ended with a "Pass" status (Duration: 5,1414 Think Time: 5,0007 Wasted Time: 0,0090).
Action.c(116): Notify: Transaction "welcome_new_usr" started.
Action.c(118): web_remove_auto_header("Sec-Fetch-User") started  	[MsgId: MMSG-26355]
Action.c(118): Previous automatically added web header for "Sec-Fetch-User" removed  	[MsgId: MMSG-26587]
Action.c(118): web_remove/revert_auto_header("Sec-Fetch-User") was successful  	[MsgId: MMSG-26392]
Action.c(120): web_add_auto_header("Sec-Fetch-User") started  	[MsgId: MMSG-26355]
Action.c(120): web_add_auto_header("Sec-Fetch-User") was successful  	[MsgId: MMSG-26392]
Action.c(123): lr_think_time: 5,00 seconds.
Action.c(125): web_reg_find started  	[MsgId: MMSG-26355]
Action.c(125): Registering web_reg_find was successful  	[MsgId: MMSG-26390]
Action.c(129): web_url("button_next.gif") started  	[MsgId: MMSG-26355]
Action.c(129): Detected non-resource "http://localhost:1080/cgi-bin/nav.pl?page=menu&in=home" in "http://localhost:1080/cgi-bin/welcome.pl?page=menus"  	[MsgId: MMSG-26574]
Action.c(129): Detected non-resource "http://localhost:1080/cgi-bin/login.pl?intro=true" in "http://localhost:1080/cgi-bin/welcome.pl?page=menus"  	[MsgId: MMSG-26574]
Action.c(129): Found resource "http://localhost:1080/WebTours/images/flights.gif" in HTML "http://localhost:1080/cgi-bin/nav.pl?page=menu&in=home"  	[MsgId: MMSG-26659]
Action.c(129): Found resource "http://localhost:1080/WebTours/images/itinerary.gif" in HTML "http://localhost:1080/cgi-bin/nav.pl?page=menu&in=home"  	[MsgId: MMSG-26659]
Action.c(129): Found resource "http://localhost:1080/WebTours/images/in_home.gif" in HTML "http://localhost:1080/cgi-bin/nav.pl?page=menu&in=home"  	[MsgId: MMSG-26659]
Action.c(129): Found resource "http://localhost:1080/WebTours/images/signoff.gif" in HTML "http://localhost:1080/cgi-bin/nav.pl?page=menu&in=home"  	[MsgId: MMSG-26659]
Action.c(129): Registered web_reg_find successful for "Text=Welcome, <b>nleh</b>" (count=1)  	[MsgId: MMSG-26364]
Action.c(129): web_url("button_next.gif") was successful, 5894 body bytes, 1897 header bytes, 36 chunking overhead bytes  	[MsgId: MMSG-26385]
Action.c(139): Notify: Transaction "welcome_new_usr" ended with a "Pass" status (Duration: 5.2309 Think Time: 5.0122 Wasted Time: 0.0153).
Action.c(141): Notify: Transaction "logout" started.
Action.c(143): web_remove_auto_header("Sec-Fetch-User") started  	[MsgId: MMSG-26355]
Action.c(143): Previous automatically added web header for "Sec-Fetch-User" removed  	[MsgId: MMSG-26587]
Action.c(143): web_remove/revert_auto_header("Sec-Fetch-User") was successful  	[MsgId: MMSG-26392]
Action.c(145): web_reg_find started  	[MsgId: MMSG-26355]
Action.c(145): Registering web_reg_find was successful  	[MsgId: MMSG-26390]
Action.c(149): lr_think_time: 5.00 seconds.
Action.c(151): web_url("SignOff Button") started  	[MsgId: MMSG-26355]
Action.c(151): Detected non-resource "http://localhost:1080/cgi-bin/nav.pl?in=home" in "http://localhost:1080/cgi-bin/welcome.pl?signOff=1"  	[MsgId: MMSG-26574]
Action.c(151): Detected non-resource "http://localhost:1080/WebTours/home.html" in "http://localhost:1080/cgi-bin/welcome.pl?signOff=1"  	[MsgId: MMSG-26574]
Action.c(151): Retrieving data from cache for "http://localhost:1080/WebTours/home.html"  	[MsgId: MMSG-26558]
Action.c(151): Resource "http://localhost:1080/WebTours/images/mer_login.gif" is in the cache already and will not be downloaded again  	[MsgId: MMSG-26655]
Action.c(151): Registered web_reg_find successful for "Text=A Session ID has been created and loaded into a cookie called MSO" (count=1)  	[MsgId: MMSG-26364]
Action.c(151): web_url("SignOff Button") was successful, 2176 body bytes, 584 header bytes, 24 chunking overhead bytes  	[MsgId: MMSG-26385]
Action.c(161): Notify: Transaction "logout" ended with a "Pass" status (Duration: 5.1878 Think Time: 5.0003 Wasted Time: 0.0129).
Action.c(163): Notify: Transaction "04_NewUsr" ended with a "Pass" status (Duration: 21.1205 Think Time: 20.0262 Wasted Time: 0.0596).
Ending action Action.
Ending iteration 2.
Starting iteration 3.
Starting action Action.
Action.c(17): Notify: Transaction "04_NewUsr" started.
Action.c(19): Notify: Transaction "open_home_page" started.
Action.c(21): web_set_sockets_option started  	[MsgId: MMSG-26355]
Action.c(21): web_set_sockets_option was successful  	[MsgId: MMSG-26392]
Action.c(23): web_add_auto_header("Sec-Fetch-Dest") started  	[MsgId: MMSG-26355]
Action.c(23): web_add_auto_header("Sec-Fetch-Dest") was successful  	[MsgId: MMSG-26392]
Action.c(26): web_add_auto_header("Sec-Fetch-Mode") started  	[MsgId: MMSG-26355]
Action.c(26): web_add_auto_header("Sec-Fetch-Mode") was successful  	[MsgId: MMSG-26392]
Action.c(29): web_add_auto_header("Sec-Fetch-Site") started  	[MsgId: MMSG-26355]
Action.c(29): web_add_auto_header("Sec-Fetch-Site") was successful  	[MsgId: MMSG-26392]
Action.c(32): web_add_auto_header("Upgrade-Insecure-Requests") started  	[MsgId: MMSG-26355]
Action.c(32): web_add_auto_header("Upgrade-Insecure-Requests") was successful  	[MsgId: MMSG-26392]
Action.c(35): web_add_auto_header("sec-ch-ua") started  	[MsgId: MMSG-26355]
Action.c(35): web_add_auto_header("sec-ch-ua") was successful  	[MsgId: MMSG-26392]
Action.c(38): web_add_auto_header("sec-ch-ua-mobile") started  	[MsgId: MMSG-26355]
Action.c(38): web_add_auto_header("sec-ch-ua-mobile") was successful  	[MsgId: MMSG-26392]
Action.c(41): web_add_auto_header("sec-ch-ua-platform") started  	[MsgId: MMSG-26355]
Action.c(41): web_add_auto_header("sec-ch-ua-platform") was successful  	[MsgId: MMSG-26392]
Action.c(44): web_reg_find started  	[MsgId: MMSG-26355]
Action.c(44): Registering web_reg_find was successful  	[MsgId: MMSG-26390]
Action.c(48): web_url("welcome.pl") started  	[MsgId: MMSG-26355]
Action.c(48): Detected non-resource "http://localhost:1080/cgi-bin/nav.pl?in=home" in "http://localhost:1080/cgi-bin/welcome.pl?signOff=true"  	[MsgId: MMSG-26574]
Action.c(48): Detected non-resource "http://localhost:1080/WebTours/home.html" in "http://localhost:1080/cgi-bin/welcome.pl?signOff=true"  	[MsgId: MMSG-26574]
Action.c(48): Found resource "http://localhost:1080/WebTours/images/mer_login.gif" in HTML "http://localhost:1080/cgi-bin/nav.pl?in=home"  	[MsgId: MMSG-26659]
Action.c(48): Registered web_reg_find successful for "Text=A Session ID has been created and loaded into a cookie called MSO" (count=1)  	[MsgId: MMSG-26364]
Action.c(48): web_url("welcome.pl") was successful, 4216 body bytes, 1182 header bytes, 24 chunking overhead bytes  	[MsgId: MMSG-26385]
Action.c(58): Notify: Transaction "open_home_page" ended with a "Pass" status (Duration: 0,3122 Wasted Time: 0,0151).
Action.c(60): Notify: Transaction "click_sign_up_now" started.
Action.c(62): web_add_auto_header("Sec-Fetch-User") started  	[MsgId: MMSG-26355]
Action.c(62): web_add_auto_header("Sec-Fetch-User") was successful  	[MsgId: MMSG-26392]
Action.c(65): lr_think_time: 5,00 seconds.
Action.c(67): web_reg_find started  	[MsgId: MMSG-26355]
Action.c(67): Registering web_reg_find was successful  	[MsgId: MMSG-26390]
Action.c(71): web_url("login.pl") started  	[MsgId: MMSG-26355]
Action.c(71): Found resource "http://localhost:1080/WebTours/profileValidate.js" in HTML "http://localhost:1080/cgi-bin/login.pl?username=&password=&getInfo=true"  	[MsgId: MMSG-26659]
Action.c(71): Found resource "http://localhost:1080/WebTours/images/button_next.gif" in HTML "http://localhost:1080/cgi-bin/login.pl?username=&password=&getInfo=true"  	[MsgId: MMSG-26659]
Action.c(71): Registered web_reg_find successful for "Text=Customer Profile" (count=1)  	[MsgId: MMSG-26364]
Action.c(71): web_url("login.pl") was successful, 14475 body bytes, 843 header bytes, 12 chunking overhead bytes  	[MsgId: MMSG-26385]
Action.c(81): Notify: Transaction "click_sign_up_now" ended with a "Pass" status (Duration: 5.1987 Think Time: 5.0106 Wasted Time: 0.0144).
Action.c(83): Notify: Transaction "data_usr" started.
Action.c(85): web_add_header("Origin") started  	[MsgId: MMSG-26355]
Action.c(85): web_add_header("Origin") was successful  	[MsgId: MMSG-26392]
Action.c(88): lr_think_time: 5.00 seconds.
Action.c(90): web_reg_find started  	[MsgId: MMSG-26355]
Action.c(90): Registering web_reg_find was successful  	[MsgId: MMSG-26390]
Action.c(94): web_submit_data("login.pl_2") started  	[MsgId: MMSG-26355]
Action.c(94): Resource "http://localhost:1080/WebTours/images/button_next.gif" is in the cache already and will not be downloaded again  	[MsgId: MMSG-26655]
Action.c(94): Registered web_reg_find successful for "Text=Thank you, <b>afcv</b>" (count=1)  	[MsgId: MMSG-26364]
Action.c(94): web_submit_data("login.pl_2") was successful, 1077 body bytes, 361 header bytes, 12 chunking overhead bytes  	[MsgId: MMSG-26385]
Action.c(114): Notify: Transaction "data_usr" ended with a "Pass" status (Duration: 5.1734 Think Time: 5.0018 Wasted Time: 0.0417).
Action.c(116): Notify: Transaction "welcome_new_usr" started.
Action.c(118): web_remove_auto_header("Sec-Fetch-User") started  	[MsgId: MMSG-26355]
Action.c(118): Previous automatically added web header for "Sec-Fetch-User" removed  	[MsgId: MMSG-26587]
Action.c(118): web_remove/revert_auto_header("Sec-Fetch-User") was successful  	[MsgId: MMSG-26392]
Action.c(120): web_add_auto_header("Sec-Fetch-User") started  	[MsgId: MMSG-26355]
Action.c(120): web_add_auto_header("Sec-Fetch-User") was successful  	[MsgId: MMSG-26392]
Action.c(123): lr_think_time: 5.00 seconds.
Action.c(125): web_reg_find started  	[MsgId: MMSG-26355]
Action.c(125): Registering web_reg_find was successful  	[MsgId: MMSG-26390]
Action.c(129): web_url("button_next.gif") started  	[MsgId: MMSG-26355]
Action.c(129): Detected non-resource "http://localhost:1080/cgi-bin/nav.pl?page=menu&in=home" in "http://localhost:1080/cgi-bin/welcome.pl?page=menus"  	[MsgId: MMSG-26574]
Action.c(129): Detected non-resource "http://localhost:1080/cgi-bin/login.pl?intro=true" in "http://localhost:1080/cgi-bin/welcome.pl?page=menus"  	[MsgId: MMSG-26574]
Action.c(129): Found resource "http://localhost:1080/WebTours/images/flights.gif" in HTML "http://localhost:1080/cgi-bin/nav.pl?page=menu&in=home"  	[MsgId: MMSG-26659]
Action.c(129): Found resource "http://localhost:1080/WebTours/images/itinerary.gif" in HTML "http://localhost:1080/cgi-bin/nav.pl?page=menu&in=home"  	[MsgId: MMSG-26659]
Action.c(129): Found resource "http://localhost:1080/WebTours/images/in_home.gif" in HTML "http://localhost:1080/cgi-bin/nav.pl?page=menu&in=home"  	[MsgId: MMSG-26659]
Action.c(129): Found resource "http://localhost:1080/WebTours/images/signoff.gif" in HTML "http://localhost:1080/cgi-bin/nav.pl?page=menu&in=home"  	[MsgId: MMSG-26659]
Action.c(129): Registered web_reg_find successful for "Text=Welcome, <b>afcv</b>" (count=1)  	[MsgId: MMSG-26364]
Action.c(129): web_url("button_next.gif") was successful, 5894 body bytes, 1897 header bytes, 36 chunking overhead bytes  	[MsgId: MMSG-26385]
Action.c(139): Notify: Transaction "welcome_new_usr" ended with a "Pass" status (Duration: 5,2481 Think Time: 5,0136 Wasted Time: 0,0200).
Action.c(141): Notify: Transaction "logout" started.
Action.c(143): web_remove_auto_header("Sec-Fetch-User") started  	[MsgId: MMSG-26355]
Action.c(143): Previous automatically added web header for "Sec-Fetch-User" removed  	[MsgId: MMSG-26587]
Action.c(143): web_remove/revert_auto_header("Sec-Fetch-User") was successful  	[MsgId: MMSG-26392]
Action.c(145): web_reg_find started  	[MsgId: MMSG-26355]
Action.c(145): Registering web_reg_find was successful  	[MsgId: MMSG-26390]
Action.c(149): lr_think_time: 5,00 seconds.
Action.c(151): web_url("SignOff Button") started  	[MsgId: MMSG-26355]
Action.c(151): Detected non-resource "http://localhost:1080/cgi-bin/nav.pl?in=home" in "http://localhost:1080/cgi-bin/welcome.pl?signOff=1"  	[MsgId: MMSG-26574]
Action.c(151): Detected non-resource "http://localhost:1080/WebTours/home.html" in "http://localhost:1080/cgi-bin/welcome.pl?signOff=1"  	[MsgId: MMSG-26574]
Action.c(151): Retrieving data from cache for "http://localhost:1080/WebTours/home.html"  	[MsgId: MMSG-26558]
Action.c(151): Resource "http://localhost:1080/WebTours/images/mer_login.gif" is in the cache already and will not be downloaded again  	[MsgId: MMSG-26655]
Action.c(151): Registered web_reg_find successful for "Text=A Session ID has been created and loaded into a cookie called MSO" (count=1)  	[MsgId: MMSG-26364]
Action.c(151): web_url("SignOff Button") was successful, 2174 body bytes, 584 header bytes, 24 chunking overhead bytes  	[MsgId: MMSG-26385]
Action.c(161): Notify: Transaction "logout" ended with a "Pass" status (Duration: 5.1890 Think Time: 5.0011 Wasted Time: 0.0140).
Action.c(163): Notify: Transaction "04_NewUsr" ended with a "Pass" status (Duration: 21.2156 Think Time: 20.0271 Wasted Time: 0.1052).
Ending action Action.
Ending iteration 3.
Ending Vuser...
Starting action vuser_end.
Ending action vuser_end.
Vuser Terminated.
